{
  "F:/RSS_React/react-ssr/rs-react/react-components/src/components/card/cardModal.tsx": {
    "path": "F:/RSS_React/react-ssr/rs-react/react-components/src/components/card/cardModal.tsx",
    "statementMap": {
      "0": {
        "start": {
          "line": 5,
          "column": 0
        },
        "end": {
          "line": 15,
          "column": 1
        }
      },
      "1": {
        "start": {
          "line": 6,
          "column": 2
        },
        "end": {
          "line": 8,
          "column": 3
        }
      },
      "2": {
        "start": {
          "line": 7,
          "column": 4
        },
        "end": {
          "line": 7,
          "column": 165
        }
      },
      "3": {
        "start": {
          "line": 9,
          "column": 2
        },
        "end": {
          "line": 9,
          "column": 39
        }
      },
      "4": {
        "start": {
          "line": 10,
          "column": 2
        },
        "end": {
          "line": 10,
          "column": 39
        }
      },
      "5": {
        "start": {
          "line": 11,
          "column": 2
        },
        "end": {
          "line": 13,
          "column": 4
        }
      },
      "6": {
        "start": {
          "line": 12,
          "column": 4
        },
        "end": {
          "line": 12,
          "column": 126
        }
      },
      "7": {
        "start": {
          "line": 14,
          "column": 2
        },
        "end": {
          "line": 14,
          "column": 75
        }
      },
      "8": {
        "start": {
          "line": 20,
          "column": 2
        },
        "end": {
          "line": 107,
          "column": 11
        }
      },
      "9": {
        "start": {
          "line": 21,
          "column": 4
        },
        "end": {
          "line": 21,
          "column": 24
        }
      },
      "10": {
        "start": {
          "line": 23,
          "column": 4
        },
        "end": {
          "line": 23,
          "column": 24
        }
      },
      "11": {
        "start": {
          "line": 89,
          "column": 6
        },
        "end": {
          "line": 89,
          "column": 26
        }
      },
      "12": {
        "start": {
          "line": 109,
          "column": 0
        },
        "end": {
          "line": 109,
          "column": 15
        }
      },
      "13": {
        "start": {
          "line": 112,
          "column": 0
        },
        "end": {
          "line": 112,
          "column": 30
        }
      },
      "14": {
        "start": {
          "line": 113,
          "column": 0
        },
        "end": {
          "line": 129,
          "column": 1
        }
      },
      "15": {
        "start": {
          "line": 114,
          "column": 2
        },
        "end": {
          "line": 114,
          "column": 39
        }
      },
      "16": {
        "start": {
          "line": 115,
          "column": 2
        },
        "end": {
          "line": 115,
          "column": 39
        }
      },
      "17": {
        "start": {
          "line": 116,
          "column": 2
        },
        "end": {
          "line": 128,
          "column": 5
        }
      },
      "18": {
        "start": {
          "line": 120,
          "column": 4
        },
        "end": {
          "line": 120,
          "column": 152
        }
      },
      "19": {
        "start": {
          "line": 121,
          "column": 4
        },
        "end": {
          "line": 127,
          "column": 7
        }
      },
      "20": {
        "start": {
          "line": 122,
          "column": 6
        },
        "end": {
          "line": 123,
          "column": 15
        }
      },
      "21": {
        "start": {
          "line": 123,
          "column": 8
        },
        "end": {
          "line": 123,
          "column": 15
        }
      },
      "22": {
        "start": {
          "line": 124,
          "column": 32
        },
        "end": {
          "line": 124,
          "column": 115
        }
      },
      "23": {
        "start": {
          "line": 125,
          "column": 6
        },
        "end": {
          "line": 126,
          "column": 54
        }
      },
      "24": {
        "start": {
          "line": 126,
          "column": 8
        },
        "end": {
          "line": 126,
          "column": 54
        }
      }
    },
    "fnMap": {
      "0": {
        "name": "(anonymous_0)",
        "decl": {
          "start": {
            "line": 11,
            "column": 24
          },
          "end": {
            "line": 11,
            "column": 25
          }
        },
        "loc": {
          "start": {
            "line": 11,
            "column": 38
          },
          "end": {
            "line": 13,
            "column": 3
          }
        },
        "line": 11
      },
      "1": {
        "name": "CardModal",
        "decl": {
          "start": {
            "line": 16,
            "column": 9
          },
          "end": {
            "line": 16,
            "column": 18
          }
        },
        "loc": {
          "start": {
            "line": 19,
            "column": 3
          },
          "end": {
            "line": 108,
            "column": 1
          }
        },
        "line": 19
      },
      "2": {
        "name": "(anonymous_2)",
        "decl": {
          "start": {
            "line": 20,
            "column": 72
          },
          "end": {
            "line": 20,
            "column": 73
          }
        },
        "loc": {
          "start": {
            "line": 20,
            "column": 78
          },
          "end": {
            "line": 22,
            "column": 3
          }
        },
        "line": 20
      },
      "3": {
        "name": "(anonymous_3)",
        "decl": {
          "start": {
            "line": 22,
            "column": 76
          },
          "end": {
            "line": 22,
            "column": 77
          }
        },
        "loc": {
          "start": {
            "line": 22,
            "column": 83
          },
          "end": {
            "line": 24,
            "column": 3
          }
        },
        "line": 22
      },
      "4": {
        "name": "(anonymous_4)",
        "decl": {
          "start": {
            "line": 88,
            "column": 77
          },
          "end": {
            "line": 88,
            "column": 78
          }
        },
        "loc": {
          "start": {
            "line": 88,
            "column": 83
          },
          "end": {
            "line": 90,
            "column": 5
          }
        },
        "line": 88
      },
      "5": {
        "name": "(anonymous_5)",
        "decl": {
          "start": {
            "line": 119,
            "column": 9
          },
          "end": {
            "line": 119,
            "column": 10
          }
        },
        "loc": {
          "start": {
            "line": 119,
            "column": 29
          },
          "end": {
            "line": 128,
            "column": 3
          }
        },
        "line": 119
      },
      "6": {
        "name": "(anonymous_6)",
        "decl": {
          "start": {
            "line": 121,
            "column": 27
          },
          "end": {
            "line": 121,
            "column": 28
          }
        },
        "loc": {
          "start": {
            "line": 121,
            "column": 44
          },
          "end": {
            "line": 127,
            "column": 5
          }
        },
        "line": 121
      }
    },
    "branchMap": {
      "0": {
        "loc": {
          "start": {
            "line": 5,
            "column": 0
          },
          "end": {
            "line": 15,
            "column": 1
          }
        },
        "type": "if",
        "locations": [
          {
            "start": {
              "line": 5,
              "column": 0
            },
            "end": {
              "line": 15,
              "column": 1
            }
          },
          {
            "start": {},
            "end": {}
          }
        ],
        "line": 5
      },
      "1": {
        "loc": {
          "start": {
            "line": 6,
            "column": 2
          },
          "end": {
            "line": 8,
            "column": 3
          }
        },
        "type": "if",
        "locations": [
          {
            "start": {
              "line": 6,
              "column": 2
            },
            "end": {
              "line": 8,
              "column": 3
            }
          },
          {
            "start": {},
            "end": {}
          }
        ],
        "line": 6
      },
      "2": {
        "loc": {
          "start": {
            "line": 113,
            "column": 0
          },
          "end": {
            "line": 129,
            "column": 1
          }
        },
        "type": "if",
        "locations": [
          {
            "start": {
              "line": 113,
              "column": 0
            },
            "end": {
              "line": 129,
              "column": 1
            }
          },
          {
            "start": {},
            "end": {}
          }
        ],
        "line": 113
      },
      "3": {
        "loc": {
          "start": {
            "line": 122,
            "column": 6
          },
          "end": {
            "line": 123,
            "column": 15
          }
        },
        "type": "if",
        "locations": [
          {
            "start": {
              "line": 122,
              "column": 6
            },
            "end": {
              "line": 123,
              "column": 15
            }
          },
          {
            "start": {},
            "end": {}
          }
        ],
        "line": 122
      },
      "4": {
        "loc": {
          "start": {
            "line": 125,
            "column": 6
          },
          "end": {
            "line": 126,
            "column": 54
          }
        },
        "type": "if",
        "locations": [
          {
            "start": {
              "line": 125,
              "column": 6
            },
            "end": {
              "line": 126,
              "column": 54
            }
          },
          {
            "start": {},
            "end": {}
          }
        ],
        "line": 125
      }
    },
    "s": {
      "0": 56,
      "1": 56,
      "2": 0,
      "3": 56,
      "4": 56,
      "5": 56,
      "6": 56,
      "7": 56,
      "8": 20,
      "9": 0,
      "10": 5,
      "11": 5,
      "12": 56,
      "13": 56,
      "14": 56,
      "15": 56,
      "16": 56,
      "17": 56,
      "18": 40,
      "19": 40,
      "20": 0,
      "21": 0,
      "22": 0,
      "23": 0,
      "24": 0
    },
    "f": {
      "0": 56,
      "1": 20,
      "2": 0,
      "3": 5,
      "4": 5,
      "5": 40,
      "6": 0
    },
    "b": {
      "0": [
        56,
        0
      ],
      "1": [
        0,
        56
      ],
      "2": [
        56,
        0
      ],
      "3": [
        0,
        0
      ],
      "4": [
        0,
        0
      ]
    },
    "inputSourceMap": {
      "version": 3,
      "mappings": "AAwBU;AAxBV,OAAOA,oBAAmBC;AAAc,IAAQ;AAAO;AAAA;AAAA;AAAA;AAAA;AAAA;AAAA;AAAA;AAAA;AAAA;AAAA;AAAA;AAGvD,SAASC,UAAU;AAAA,EACjBC;AAAAA,EACAC;AAIF,GAAG;AACD,SACE,uBAAC,SACC,WAAU,WACV,SAAS,MAAM;AACbA,iBAAa,KAAK;AAAA,EACpB,GAEA,iCAAC,SACC,WAAU,SACV,SAAUC,OAAM;AACdA,MAAEC,gBAAe;AAAA,EACnB,GAEA,iCAAC,SAAI,WAAU,gBACb;AAAA,2BAAC,SAAI,WAAU,cAAa,OAAO;AAAA,MAAEC,iBAAkB,OAAMJ,KAAKK;AAAAA,IAAS,KAA3E;AAAA;AAAA;AAAA;AAAA,WAA8E;AAAA,IAC9E,uBAAC,SAAI,WAAU,aACb;AAAA,6BAAC,OAAE,WAAU,uBAAuBL,eAAKM,QAAzC;AAAA;AAAA;AAAA;AAAA,aAA8C;AAAA,MAC9C,uBAAC,OAAE,WAAU,uBAAsB;AAAA;AAAA,QAAUN,KAAKO;AAAAA,WAAlD;AAAA;AAAA;AAAA;AAAA,aAA0D;AAAA,MAC1D,uBAAC,UAAD;AAAA;AAAA;AAAA;AAAA,aAAI;AAAA,MACJ,uBAAC,OAAE,WAAU,qBAAoB;AAAA;AAAA,QAASP,KAAKQ;AAAAA,WAA/C;AAAA;AAAA;AAAA;AAAA,aAAsD;AAAA,MACtD,uBAAC,OAAE,WAAU,qBAAoB;AAAA;AAAA,QAAWR,KAAKS,SAASH;AAAAA,WAA1D;AAAA;AAAA;AAAA;AAAA,aAA+D;AAAA,MAC/D,uBAAC,OAAE,WAAU,qBAAoB;AAAA;AAAA,QAASN,KAAKU,OAAOJ;AAAAA,WAAtD;AAAA;AAAA;AAAA;AAAA,aAA2D;AAAA,MAC3D,uBAAC,OAAE,WAAU,qBAAoB;AAAA;AAAA,QAASN,KAAKW;AAAAA,WAA/C;AAAA;AAAA;AAAA;AAAA,aAAsD;AAAA,SAPxD;AAAA;AAAA;AAAA;AAAA,WAQA;AAAA,IACA,uBAAC,OACC,WAAU,uBACV,SAAS,MAAM;AACbV,mBAAa,KAAK;AAAA,IACpB,GACD,iBALD;AAAA;AAAA;AAAA;AAAA,WAOA;AAAA,OAlBF;AAAA;AAAA;AAAA;AAAA,SAmBA,KAzBF;AAAA;AAAA;AAAA;AAAA,SA0BA,KAhCF;AAAA;AAAA;AAAA;AAAA,SAiCA;AAEJ;AAACW,KA3CQb;AA6CT,eAAeA;AAAU;AAAAc",
      "names": [
        "React",
        "SetStateAction",
        "CardModal",
        "card",
        "setIsClicked",
        "e",
        "stopPropagation",
        "backgroundImage",
        "image",
        "name",
        "species",
        "status",
        "location",
        "origin",
        "gender",
        "_c",
        "$RefreshReg$"
      ],
      "sources": [
        "F:/RSS_React/react-ssr/rs-react/react-components/src/components/card/cardModal.tsx"
      ],
      "file": "F:/RSS_React/react-ssr/rs-react/react-components/src/components/card/cardModal.tsx"
    },
    "_coverageSchema": "1a1c01bbd47fc00a2c39e90264f33305004495a9",
    "hash": "61133fb232858d6d0dff7a708a698a281496f921"
  },
  "F:/RSS_React/react-ssr/rs-react/react-components/src/slices/apiSlice.tsx": {
    "path": "F:/RSS_React/react-ssr/rs-react/react-components/src/slices/apiSlice.tsx",
    "statementMap": {
      "0": {
        "start": {
          "line": 2,
          "column": 17
        },
        "end": {
          "line": 2,
          "column": 61
        }
      },
      "1": {
        "start": {
          "line": 3,
          "column": 23
        },
        "end": {
          "line": 16,
          "column": 2
        }
      },
      "2": {
        "start": {
          "line": 8,
          "column": 27
        },
        "end": {
          "line": 15,
          "column": 3
        }
      },
      "3": {
        "start": {
          "line": 10,
          "column": 23
        },
        "end": {
          "line": 10,
          "column": 38
        }
      },
      "4": {
        "start": {
          "line": 13,
          "column": 21
        },
        "end": {
          "line": 13,
          "column": 28
        }
      },
      "5": {
        "start": {
          "line": 20,
          "column": 4
        },
        "end": {
          "line": 20,
          "column": 11
        }
      }
    },
    "fnMap": {
      "0": {
        "name": "(anonymous_0)",
        "decl": {
          "start": {
            "line": 8,
            "column": 13
          },
          "end": {
            "line": 8,
            "column": 14
          }
        },
        "loc": {
          "start": {
            "line": 8,
            "column": 27
          },
          "end": {
            "line": 15,
            "column": 3
          }
        },
        "line": 8
      },
      "1": {
        "name": "(anonymous_1)",
        "decl": {
          "start": {
            "line": 10,
            "column": 13
          },
          "end": {
            "line": 10,
            "column": 14
          }
        },
        "loc": {
          "start": {
            "line": 10,
            "column": 23
          },
          "end": {
            "line": 10,
            "column": 38
          }
        },
        "line": 10
      },
      "2": {
        "name": "(anonymous_2)",
        "decl": {
          "start": {
            "line": 13,
            "column": 13
          },
          "end": {
            "line": 13,
            "column": 14
          }
        },
        "loc": {
          "start": {
            "line": 13,
            "column": 21
          },
          "end": {
            "line": 13,
            "column": 28
          }
        },
        "line": 13
      }
    },
    "branchMap": {},
    "s": {
      "0": 56,
      "1": 56,
      "2": 56,
      "3": 39,
      "4": 10,
      "5": 56
    },
    "f": {
      "0": 56,
      "1": 39,
      "2": 10
    },
    "b": {},
    "inputSourceMap": {
      "version": 3,
      "mappings": "AAAA,SAASA,WAAWC,sBAAsB;AAG1C,MAAMC,WAAW;AAEV,aAAMC,UAAUH,UAAU;AAAA,EAC/BI,aAAa;AAAA,EACbC,WAAWJ,eAAe;AAAA,IAAEK,SAASJ;AAAAA,EAAS,CAAC;AAAA,EAC/CK,WAAYC,cAAa;AAAA,IACvBC,oBAAoBD,QAAQE,MAA+B;AAAA,MACzDA,OAAQC,UAAU,SAAQA;AAAAA,IAC5B,CAAC;AAAA,IACDC,kBAAkBJ,QAAQE,MAA6B;AAAA,MACrDA,OAAQG,QAAQ,GAAEA;AAAAA,IACpB,CAAC;AAAA,EACH;AACF,CAAC;AAEM,aAAM;AAAA,EAAEC;AAAAA,EAA4BC;AAAyB,IAAIZ",
      "names": [
        "createApi",
        "fetchBaseQuery",
        "BASE_URL",
        "rickApi",
        "reducerPath",
        "baseQuery",
        "baseUrl",
        "endpoints",
        "builder",
        "getCharacterByName",
        "query",
        "name",
        "getCharacterById",
        "id",
        "useGetCharacterByNameQuery",
        "useGetCharacterByIdQuery"
      ],
      "sources": [
        "F:/RSS_React/react-ssr/rs-react/react-components/src/slices/apiSlice.tsx"
      ],
      "file": "F:/RSS_React/react-ssr/rs-react/react-components/src/slices/apiSlice.tsx"
    },
    "_coverageSchema": "1a1c01bbd47fc00a2c39e90264f33305004495a9",
    "hash": "9ff3f96406d39108b82310351be23bd3f506e8b6"
  },
  "F:/RSS_React/react-ssr/rs-react/react-components/src/components/card/card.tsx": {
    "path": "F:/RSS_React/react-ssr/rs-react/react-components/src/components/card/card.tsx",
    "statementMap": {
      "0": {
        "start": {
          "line": 5,
          "column": 0
        },
        "end": {
          "line": 15,
          "column": 1
        }
      },
      "1": {
        "start": {
          "line": 6,
          "column": 2
        },
        "end": {
          "line": 8,
          "column": 3
        }
      },
      "2": {
        "start": {
          "line": 7,
          "column": 4
        },
        "end": {
          "line": 7,
          "column": 165
        }
      },
      "3": {
        "start": {
          "line": 9,
          "column": 2
        },
        "end": {
          "line": 9,
          "column": 39
        }
      },
      "4": {
        "start": {
          "line": 10,
          "column": 2
        },
        "end": {
          "line": 10,
          "column": 39
        }
      },
      "5": {
        "start": {
          "line": 11,
          "column": 2
        },
        "end": {
          "line": 13,
          "column": 4
        }
      },
      "6": {
        "start": {
          "line": 12,
          "column": 4
        },
        "end": {
          "line": 12,
          "column": 121
        }
      },
      "7": {
        "start": {
          "line": 14,
          "column": 2
        },
        "end": {
          "line": 14,
          "column": 75
        }
      },
      "8": {
        "start": {
          "line": 16,
          "column": 9
        },
        "end": {
          "line": 16,
          "column": 23
        }
      },
      "9": {
        "start": {
          "line": 22,
          "column": 2
        },
        "end": {
          "line": 22,
          "column": 7
        }
      },
      "10": {
        "start": {
          "line": 23,
          "column": 36
        },
        "end": {
          "line": 23,
          "column": 51
        }
      },
      "11": {
        "start": {
          "line": 28,
          "column": 7
        },
        "end": {
          "line": 28,
          "column": 56
        }
      },
      "12": {
        "start": {
          "line": 29,
          "column": 22
        },
        "end": {
          "line": 32,
          "column": 3
        }
      },
      "13": {
        "start": {
          "line": 30,
          "column": 4
        },
        "end": {
          "line": 30,
          "column": 27
        }
      },
      "14": {
        "start": {
          "line": 31,
          "column": 4
        },
        "end": {
          "line": 31,
          "column": 23
        }
      },
      "15": {
        "start": {
          "line": 33,
          "column": 2
        },
        "end": {
          "line": 96,
          "column": 11
        }
      },
      "16": {
        "start": {
          "line": 98,
          "column": 0
        },
        "end": {
          "line": 98,
          "column": 47
        }
      },
      "17": {
        "start": {
          "line": 99,
          "column": 0
        },
        "end": {
          "line": 99,
          "column": 10
        }
      },
      "18": {
        "start": {
          "line": 102,
          "column": 0
        },
        "end": {
          "line": 102,
          "column": 25
        }
      },
      "19": {
        "start": {
          "line": 103,
          "column": 0
        },
        "end": {
          "line": 119,
          "column": 1
        }
      },
      "20": {
        "start": {
          "line": 104,
          "column": 2
        },
        "end": {
          "line": 104,
          "column": 39
        }
      },
      "21": {
        "start": {
          "line": 105,
          "column": 2
        },
        "end": {
          "line": 105,
          "column": 39
        }
      },
      "22": {
        "start": {
          "line": 106,
          "column": 2
        },
        "end": {
          "line": 118,
          "column": 5
        }
      },
      "23": {
        "start": {
          "line": 110,
          "column": 4
        },
        "end": {
          "line": 110,
          "column": 147
        }
      },
      "24": {
        "start": {
          "line": 111,
          "column": 4
        },
        "end": {
          "line": 117,
          "column": 7
        }
      },
      "25": {
        "start": {
          "line": 112,
          "column": 6
        },
        "end": {
          "line": 113,
          "column": 15
        }
      },
      "26": {
        "start": {
          "line": 113,
          "column": 8
        },
        "end": {
          "line": 113,
          "column": 15
        }
      },
      "27": {
        "start": {
          "line": 114,
          "column": 32
        },
        "end": {
          "line": 114,
          "column": 115
        }
      },
      "28": {
        "start": {
          "line": 115,
          "column": 6
        },
        "end": {
          "line": 116,
          "column": 54
        }
      },
      "29": {
        "start": {
          "line": 116,
          "column": 8
        },
        "end": {
          "line": 116,
          "column": 54
        }
      }
    },
    "fnMap": {
      "0": {
        "name": "(anonymous_0)",
        "decl": {
          "start": {
            "line": 11,
            "column": 24
          },
          "end": {
            "line": 11,
            "column": 25
          }
        },
        "loc": {
          "start": {
            "line": 11,
            "column": 38
          },
          "end": {
            "line": 13,
            "column": 3
          }
        },
        "line": 11
      },
      "1": {
        "name": "Card",
        "decl": {
          "start": {
            "line": 21,
            "column": 9
          },
          "end": {
            "line": 21,
            "column": 13
          }
        },
        "loc": {
          "start": {
            "line": 21,
            "column": 20
          },
          "end": {
            "line": 97,
            "column": 1
          }
        },
        "line": 21
      },
      "2": {
        "name": "(anonymous_2)",
        "decl": {
          "start": {
            "line": 29,
            "column": 22
          },
          "end": {
            "line": 29,
            "column": 23
          }
        },
        "loc": {
          "start": {
            "line": 29,
            "column": 34
          },
          "end": {
            "line": 32,
            "column": 3
          }
        },
        "line": 29
      },
      "3": {
        "name": "(anonymous_3)",
        "decl": {
          "start": {
            "line": 109,
            "column": 9
          },
          "end": {
            "line": 109,
            "column": 10
          }
        },
        "loc": {
          "start": {
            "line": 109,
            "column": 29
          },
          "end": {
            "line": 118,
            "column": 3
          }
        },
        "line": 109
      },
      "4": {
        "name": "(anonymous_4)",
        "decl": {
          "start": {
            "line": 111,
            "column": 27
          },
          "end": {
            "line": 111,
            "column": 28
          }
        },
        "loc": {
          "start": {
            "line": 111,
            "column": 44
          },
          "end": {
            "line": 117,
            "column": 5
          }
        },
        "line": 111
      }
    },
    "branchMap": {
      "0": {
        "loc": {
          "start": {
            "line": 5,
            "column": 0
          },
          "end": {
            "line": 15,
            "column": 1
          }
        },
        "type": "if",
        "locations": [
          {
            "start": {
              "line": 5,
              "column": 0
            },
            "end": {
              "line": 15,
              "column": 1
            }
          },
          {
            "start": {},
            "end": {}
          }
        ],
        "line": 5
      },
      "1": {
        "loc": {
          "start": {
            "line": 6,
            "column": 2
          },
          "end": {
            "line": 8,
            "column": 3
          }
        },
        "type": "if",
        "locations": [
          {
            "start": {
              "line": 6,
              "column": 2
            },
            "end": {
              "line": 8,
              "column": 3
            }
          },
          {
            "start": {},
            "end": {}
          }
        ],
        "line": 6
      },
      "2": {
        "loc": {
          "start": {
            "line": 34,
            "column": 4
          },
          "end": {
            "line": 38,
            "column": 12
          }
        },
        "type": "binary-expr",
        "locations": [
          {
            "start": {
              "line": 34,
              "column": 4
            },
            "end": {
              "line": 34,
              "column": 13
            }
          },
          {
            "start": {
              "line": 34,
              "column": 17
            },
            "end": {
              "line": 34,
              "column": 21
            }
          },
          {
            "start": {
              "line": 34,
              "column": 41
            },
            "end": {
              "line": 38,
              "column": 12
            }
          }
        ],
        "line": 34
      },
      "3": {
        "loc": {
          "start": {
            "line": 39,
            "column": 4
          },
          "end": {
            "line": 43,
            "column": 12
          }
        },
        "type": "binary-expr",
        "locations": [
          {
            "start": {
              "line": 39,
              "column": 4
            },
            "end": {
              "line": 39,
              "column": 9
            }
          },
          {
            "start": {
              "line": 39,
              "column": 29
            },
            "end": {
              "line": 43,
              "column": 12
            }
          }
        ],
        "line": 39
      },
      "4": {
        "loc": {
          "start": {
            "line": 44,
            "column": 4
          },
          "end": {
            "line": 48,
            "column": 12
          }
        },
        "type": "binary-expr",
        "locations": [
          {
            "start": {
              "line": 44,
              "column": 4
            },
            "end": {
              "line": 44,
              "column": 14
            }
          },
          {
            "start": {
              "line": 44,
              "column": 34
            },
            "end": {
              "line": 48,
              "column": 12
            }
          }
        ],
        "line": 44
      },
      "5": {
        "loc": {
          "start": {
            "line": 103,
            "column": 0
          },
          "end": {
            "line": 119,
            "column": 1
          }
        },
        "type": "if",
        "locations": [
          {
            "start": {
              "line": 103,
              "column": 0
            },
            "end": {
              "line": 119,
              "column": 1
            }
          },
          {
            "start": {},
            "end": {}
          }
        ],
        "line": 103
      },
      "6": {
        "loc": {
          "start": {
            "line": 112,
            "column": 6
          },
          "end": {
            "line": 113,
            "column": 15
          }
        },
        "type": "if",
        "locations": [
          {
            "start": {
              "line": 112,
              "column": 6
            },
            "end": {
              "line": 113,
              "column": 15
            }
          },
          {
            "start": {},
            "end": {}
          }
        ],
        "line": 112
      },
      "7": {
        "loc": {
          "start": {
            "line": 115,
            "column": 6
          },
          "end": {
            "line": 116,
            "column": 54
          }
        },
        "type": "if",
        "locations": [
          {
            "start": {
              "line": 115,
              "column": 6
            },
            "end": {
              "line": 116,
              "column": 54
            }
          },
          {
            "start": {},
            "end": {}
          }
        ],
        "line": 115
      }
    },
    "s": {
      "0": 56,
      "1": 56,
      "2": 0,
      "3": 56,
      "4": 56,
      "5": 56,
      "6": 56,
      "7": 56,
      "8": 56,
      "9": 990,
      "10": 990,
      "11": 990,
      "12": 990,
      "13": 10,
      "14": 10,
      "15": 990,
      "16": 56,
      "17": 56,
      "18": 56,
      "19": 56,
      "20": 56,
      "21": 56,
      "22": 56,
      "23": 40,
      "24": 40,
      "25": 0,
      "26": 0,
      "27": 0,
      "28": 0,
      "29": 0
    },
    "f": {
      "0": 56,
      "1": 990,
      "2": 10,
      "3": 40,
      "4": 0
    },
    "b": {
      "0": [
        56,
        0
      ],
      "1": [
        0,
        56
      ],
      "2": [
        990,
        20,
        20
      ],
      "3": [
        990,
        0
      ],
      "4": [
        990,
        20
      ],
      "5": [
        56,
        0
      ],
      "6": [
        0,
        0
      ],
      "7": [
        0,
        0
      ]
    },
    "inputSourceMap": {
      "version": 3,
      "mappings": "AAsBI,mBACwB,cADxB;;;;;;;;;;;;;;;;AAtBJ,SAAgBA,gBAAgB;AAEhC,OAAOC,eAAe;AACtB,SAASC,eAAe;AACxB,OAAO;AAQP,SAASC,KAAKC,MAAqB;AAAAC;AACjC,QAAM,CAACC,WAAWC,YAAY,IAAIP,SAAS,KAAK;AAChD,QAAM,CAACQ,SAAS;AAAA,IAAEC;AAAAA,IAAMC;AAAAA,IAAOC;AAAAA,EAAW,CAAC,IAAIT,QAAQU,UAAUC,iBAAiBC,aAAY;AAE9F,QAAMC,cAAc,YAAY;AAC9B,UAAMP,QAAQJ,KAAKY,EAAE;AACrBT,iBAAa,IAAI;AAAA,EACnB;AAEA,SACE,mCACGD;AAAAA,iBAAaG,QAAQ,uBAAC,aAAU,MAAMA,MAAM,gBAAvB;AAAA;AAAA;AAAA;AAAA,WAAkD;AAAA,IACvEC,SAAS,uBAAC,OAAE,WAAU,iCAAgC,oCAA7C;AAAA;AAAA;AAAA;AAAA,WAAiE;AAAA,IAC1EC,cAAc,uBAAC,OAAE,WAAU,+BAA8B,sCAA3C;AAAA;AAAA;AAAA;AAAA,WAAiE;AAAA,IAChF,uBAAC,SAAI,WAAU,QAAO,SAASI,aAC7B,iCAAC,SAAI,WAAU,eACb;AAAA,6BAAC,SAAI,WAAU,aAAY,OAAO;AAAA,QAAEE,iBAAkB,OAAMb,KAAKc;AAAAA,MAAS,KAA1E;AAAA;AAAA;AAAA;AAAA,aAA6E;AAAA,MAC7E,uBAAC,OAAE,WAAU,uBAAuBd,eAAKe,QAAzC;AAAA;AAAA;AAAA;AAAA,aAA8C;AAAA,MAC9C,uBAAC,OAAE,WAAU,uBAAsB;AAAA;AAAA,QAAUf,KAAKgB;AAAAA,WAAlD;AAAA;AAAA;AAAA;AAAA,aAA0D;AAAA,MAC1D,uBAAC,UAAD;AAAA;AAAA;AAAA;AAAA,aAAI;AAAA,MACJ,uBAAC,OAAE,WAAU,qBAAoB;AAAA;AAAA,QAAShB,KAAKiB;AAAAA,WAA/C;AAAA;AAAA;AAAA;AAAA,aAAsD;AAAA,SALxD;AAAA;AAAA;AAAA;AAAA,WAMA,KAPF;AAAA;AAAA;AAAA;AAAA,WAQA;AAAA,OAZF;AAAA;AAAA;AAAA;AAAA,SAaA;AAEJ;AAAChB,GAzBQF,MAAI;AAAAmB,KAAJnB;AA2BT,eAAeA;AAAK;AAAAoB",
      "names": [
        "useState",
        "CardModal",
        "rickApi",
        "Card",
        "card",
        "_s",
        "isClicked",
        "setIsClicked",
        "trigger",
        "data",
        "error",
        "isFetching",
        "endpoints",
        "getCharacterById",
        "useLazyQuery",
        "handleClick",
        "id",
        "backgroundImage",
        "image",
        "name",
        "species",
        "status",
        "_c",
        "$RefreshReg$"
      ],
      "sources": [
        "F:/RSS_React/react-ssr/rs-react/react-components/src/components/card/card.tsx"
      ],
      "file": "F:/RSS_React/react-ssr/rs-react/react-components/src/components/card/card.tsx"
    },
    "_coverageSchema": "1a1c01bbd47fc00a2c39e90264f33305004495a9",
    "hash": "151382a8f2f1f5628c56f8eab1e32ac3f30b90b0"
  },
  "F:/RSS_React/react-ssr/rs-react/react-components/src/components/cardList.tsx": {
    "path": "F:/RSS_React/react-ssr/rs-react/react-components/src/components/cardList.tsx",
    "statementMap": {
      "0": {
        "start": {
          "line": 5,
          "column": 0
        },
        "end": {
          "line": 15,
          "column": 1
        }
      },
      "1": {
        "start": {
          "line": 6,
          "column": 2
        },
        "end": {
          "line": 8,
          "column": 3
        }
      },
      "2": {
        "start": {
          "line": 7,
          "column": 4
        },
        "end": {
          "line": 7,
          "column": 165
        }
      },
      "3": {
        "start": {
          "line": 9,
          "column": 2
        },
        "end": {
          "line": 9,
          "column": 39
        }
      },
      "4": {
        "start": {
          "line": 10,
          "column": 2
        },
        "end": {
          "line": 10,
          "column": 39
        }
      },
      "5": {
        "start": {
          "line": 11,
          "column": 2
        },
        "end": {
          "line": 13,
          "column": 4
        }
      },
      "6": {
        "start": {
          "line": 12,
          "column": 4
        },
        "end": {
          "line": 12,
          "column": 120
        }
      },
      "7": {
        "start": {
          "line": 14,
          "column": 2
        },
        "end": {
          "line": 14,
          "column": 75
        }
      },
      "8": {
        "start": {
          "line": 16,
          "column": 9
        },
        "end": {
          "line": 16,
          "column": 23
        }
      },
      "9": {
        "start": {
          "line": 20,
          "column": 2
        },
        "end": {
          "line": 20,
          "column": 7
        }
      },
      "10": {
        "start": {
          "line": 21,
          "column": 24
        },
        "end": {
          "line": 21,
          "column": 81
        }
      },
      "11": {
        "start": {
          "line": 21,
          "column": 47
        },
        "end": {
          "line": 21,
          "column": 80
        }
      },
      "12": {
        "start": {
          "line": 22,
          "column": 2
        },
        "end": {
          "line": 32,
          "column": 11
        }
      },
      "13": {
        "start": {
          "line": 23,
          "column": 4
        },
        "end": {
          "line": 27,
          "column": 13
        }
      },
      "14": {
        "start": {
          "line": 34,
          "column": 0
        },
        "end": {
          "line": 36,
          "column": 3
        }
      },
      "15": {
        "start": {
          "line": 35,
          "column": 2
        },
        "end": {
          "line": 35,
          "column": 23
        }
      },
      "16": {
        "start": {
          "line": 37,
          "column": 0
        },
        "end": {
          "line": 37,
          "column": 14
        }
      },
      "17": {
        "start": {
          "line": 40,
          "column": 0
        },
        "end": {
          "line": 40,
          "column": 29
        }
      },
      "18": {
        "start": {
          "line": 41,
          "column": 0
        },
        "end": {
          "line": 57,
          "column": 1
        }
      },
      "19": {
        "start": {
          "line": 42,
          "column": 2
        },
        "end": {
          "line": 42,
          "column": 39
        }
      },
      "20": {
        "start": {
          "line": 43,
          "column": 2
        },
        "end": {
          "line": 43,
          "column": 39
        }
      },
      "21": {
        "start": {
          "line": 44,
          "column": 2
        },
        "end": {
          "line": 56,
          "column": 5
        }
      },
      "22": {
        "start": {
          "line": 48,
          "column": 4
        },
        "end": {
          "line": 48,
          "column": 146
        }
      },
      "23": {
        "start": {
          "line": 49,
          "column": 4
        },
        "end": {
          "line": 55,
          "column": 7
        }
      },
      "24": {
        "start": {
          "line": 50,
          "column": 6
        },
        "end": {
          "line": 51,
          "column": 15
        }
      },
      "25": {
        "start": {
          "line": 51,
          "column": 8
        },
        "end": {
          "line": 51,
          "column": 15
        }
      },
      "26": {
        "start": {
          "line": 52,
          "column": 32
        },
        "end": {
          "line": 52,
          "column": 115
        }
      },
      "27": {
        "start": {
          "line": 53,
          "column": 6
        },
        "end": {
          "line": 54,
          "column": 54
        }
      },
      "28": {
        "start": {
          "line": 54,
          "column": 8
        },
        "end": {
          "line": 54,
          "column": 54
        }
      }
    },
    "fnMap": {
      "0": {
        "name": "(anonymous_0)",
        "decl": {
          "start": {
            "line": 11,
            "column": 24
          },
          "end": {
            "line": 11,
            "column": 25
          }
        },
        "loc": {
          "start": {
            "line": 11,
            "column": 38
          },
          "end": {
            "line": 13,
            "column": 3
          }
        },
        "line": 11
      },
      "1": {
        "name": "CardList",
        "decl": {
          "start": {
            "line": 19,
            "column": 9
          },
          "end": {
            "line": 19,
            "column": 17
          }
        },
        "loc": {
          "start": {
            "line": 19,
            "column": 20
          },
          "end": {
            "line": 33,
            "column": 1
          }
        },
        "line": 19
      },
      "2": {
        "name": "(anonymous_2)",
        "decl": {
          "start": {
            "line": 21,
            "column": 36
          },
          "end": {
            "line": 21,
            "column": 37
          }
        },
        "loc": {
          "start": {
            "line": 21,
            "column": 47
          },
          "end": {
            "line": 21,
            "column": 80
          }
        },
        "line": 21
      },
      "3": {
        "name": "(anonymous_3)",
        "decl": {
          "start": {
            "line": 22,
            "column": 115
          },
          "end": {
            "line": 22,
            "column": 116
          }
        },
        "loc": {
          "start": {
            "line": 22,
            "column": 125
          },
          "end": {
            "line": 28,
            "column": 3
          }
        },
        "line": 22
      },
      "4": {
        "name": "(anonymous_4)",
        "decl": {
          "start": {
            "line": 34,
            "column": 52
          },
          "end": {
            "line": 34,
            "column": 53
          }
        },
        "loc": {
          "start": {
            "line": 34,
            "column": 63
          },
          "end": {
            "line": 36,
            "column": 1
          }
        },
        "line": 34
      },
      "5": {
        "name": "(anonymous_5)",
        "decl": {
          "start": {
            "line": 47,
            "column": 9
          },
          "end": {
            "line": 47,
            "column": 10
          }
        },
        "loc": {
          "start": {
            "line": 47,
            "column": 29
          },
          "end": {
            "line": 56,
            "column": 3
          }
        },
        "line": 47
      },
      "6": {
        "name": "(anonymous_6)",
        "decl": {
          "start": {
            "line": 49,
            "column": 27
          },
          "end": {
            "line": 49,
            "column": 28
          }
        },
        "loc": {
          "start": {
            "line": 49,
            "column": 44
          },
          "end": {
            "line": 55,
            "column": 5
          }
        },
        "line": 49
      }
    },
    "branchMap": {
      "0": {
        "loc": {
          "start": {
            "line": 5,
            "column": 0
          },
          "end": {
            "line": 15,
            "column": 1
          }
        },
        "type": "if",
        "locations": [
          {
            "start": {
              "line": 5,
              "column": 0
            },
            "end": {
              "line": 15,
              "column": 1
            }
          },
          {
            "start": {},
            "end": {}
          }
        ],
        "line": 5
      },
      "1": {
        "loc": {
          "start": {
            "line": 6,
            "column": 2
          },
          "end": {
            "line": 8,
            "column": 3
          }
        },
        "type": "if",
        "locations": [
          {
            "start": {
              "line": 6,
              "column": 2
            },
            "end": {
              "line": 8,
              "column": 3
            }
          },
          {
            "start": {},
            "end": {}
          }
        ],
        "line": 6
      },
      "2": {
        "loc": {
          "start": {
            "line": 22,
            "column": 80
          },
          "end": {
            "line": 28,
            "column": 4
          }
        },
        "type": "binary-expr",
        "locations": [
          {
            "start": {
              "line": 22,
              "column": 80
            },
            "end": {
              "line": 22,
              "column": 93
            }
          },
          {
            "start": {
              "line": 22,
              "column": 97
            },
            "end": {
              "line": 28,
              "column": 4
            }
          }
        ],
        "line": 22
      },
      "3": {
        "loc": {
          "start": {
            "line": 41,
            "column": 0
          },
          "end": {
            "line": 57,
            "column": 1
          }
        },
        "type": "if",
        "locations": [
          {
            "start": {
              "line": 41,
              "column": 0
            },
            "end": {
              "line": 57,
              "column": 1
            }
          },
          {
            "start": {},
            "end": {}
          }
        ],
        "line": 41
      },
      "4": {
        "loc": {
          "start": {
            "line": 50,
            "column": 6
          },
          "end": {
            "line": 51,
            "column": 15
          }
        },
        "type": "if",
        "locations": [
          {
            "start": {
              "line": 50,
              "column": 6
            },
            "end": {
              "line": 51,
              "column": 15
            }
          },
          {
            "start": {},
            "end": {}
          }
        ],
        "line": 50
      },
      "5": {
        "loc": {
          "start": {
            "line": 53,
            "column": 6
          },
          "end": {
            "line": 54,
            "column": 54
          }
        },
        "type": "if",
        "locations": [
          {
            "start": {
              "line": 53,
              "column": 6
            },
            "end": {
              "line": 54,
              "column": 54
            }
          },
          {
            "start": {},
            "end": {}
          }
        ],
        "line": 53
      }
    },
    "s": {
      "0": 56,
      "1": 56,
      "2": 0,
      "3": 56,
      "4": 56,
      "5": 56,
      "6": 56,
      "7": 56,
      "8": 56,
      "9": 118,
      "10": 118,
      "11": 327,
      "12": 118,
      "13": 920,
      "14": 56,
      "15": 25,
      "16": 56,
      "17": 56,
      "18": 56,
      "19": 56,
      "20": 56,
      "21": 56,
      "22": 40,
      "23": 40,
      "24": 0,
      "25": 0,
      "26": 0,
      "27": 0,
      "28": 0
    },
    "f": {
      "0": 56,
      "1": 118,
      "2": 327,
      "3": 920,
      "4": 25,
      "5": 40,
      "6": 0
    },
    "b": {
      "0": [
        56,
        0
      ],
      "1": [
        0,
        56
      ],
      "2": [
        118,
        118
      ],
      "3": [
        56,
        0
      ],
      "4": [
        0,
        0
      ],
      "5": [
        0,
        0
      ]
    },
    "inputSourceMap": {
      "version": 3,
      "mappings": "AAWiB;;;;;;;;;;;;;;;;AAVjB,OAAOA,UAAU;AAEjB,SAASC,mBAAmB;AAE5B,SAASC,WAAW;AAAAC;AAClB,QAAMC,gBAAgBH,YAAY,CAACI,UAAqBA,MAAMD,cAAcA,aAAa;AACzF,SACE,uBAAC,SAAI,WAAU,kBACZA,2BACCA,cAAcE,IAAKC,UAAS;AAC1B,WAAO,uBAAC,QAAmB,GAAIA,QAAbA,KAAKC,IAAhB;AAAA;AAAA;AAAA;AAAA,WAA6B;AAAA,EACtC,CAAC,KAJL;AAAA;AAAA;AAAA;AAAA,SAKA;AAEJ;AAACL,GAVQD,UAAQ;AAAA,UACOD,WAAW;AAAA;AAAAQ,KAD1BP;AAWT,eAAeA;AAAS;AAAAQ",
      "names": [
        "Card",
        "useSelector",
        "CardList",
        "_s",
        "searchResults",
        "state",
        "map",
        "card",
        "id",
        "_c",
        "$RefreshReg$"
      ],
      "sources": [
        "F:/RSS_React/react-ssr/rs-react/react-components/src/components/cardList.tsx"
      ],
      "file": "F:/RSS_React/react-ssr/rs-react/react-components/src/components/cardList.tsx"
    },
    "_coverageSchema": "1a1c01bbd47fc00a2c39e90264f33305004495a9",
    "hash": "f1d1e3239ad0b7a95a7475c218ae0ea6d0faa0cd"
  },
  "F:/RSS_React/react-ssr/rs-react/react-components/src/slices/searchTextSlice.tsx": {
    "path": "F:/RSS_React/react-ssr/rs-react/react-components/src/slices/searchTextSlice.tsx",
    "statementMap": {
      "0": {
        "start": {
          "line": 2,
          "column": 21
        },
        "end": {
          "line": 4,
          "column": 1
        }
      },
      "1": {
        "start": {
          "line": 5,
          "column": 31
        },
        "end": {
          "line": 13,
          "column": 2
        }
      },
      "2": {
        "start": {
          "line": 10,
          "column": 6
        },
        "end": {
          "line": 10,
          "column": 40
        }
      },
      "3": {
        "start": {
          "line": 16,
          "column": 4
        },
        "end": {
          "line": 16,
          "column": 27
        }
      }
    },
    "fnMap": {
      "0": {
        "name": "(anonymous_0)",
        "decl": {
          "start": {
            "line": 9,
            "column": 22
          },
          "end": {
            "line": 9,
            "column": 23
          }
        },
        "loc": {
          "start": {
            "line": 9,
            "column": 41
          },
          "end": {
            "line": 11,
            "column": 5
          }
        },
        "line": 9
      }
    },
    "branchMap": {},
    "s": {
      "0": 56,
      "1": 56,
      "2": 10,
      "3": 56
    },
    "f": {
      "0": 10
    },
    "b": {},
    "inputSourceMap": {
      "version": 3,
      "mappings": "AAAA,SAASA,mBAAmB;AAO5B,MAAMC,eAA+B;AAAA,EACnCC,YAAY;AACd;AAEO,aAAMC,kBAAkBH,YAAY;AAAA,EACzCI,MAAM;AAAA,EACNH;AAAAA,EACAI,UAAU;AAAA,IACRC,kBAAkBA,CAACC,OAAOC,WAAkC;AAC1DD,YAAML,aAAaM,OAAOC;AAAAA,IAC5B;AAAA,EACF;AACF,CAAC;AAEM,aAAM;AAAA,EAAEH;AAAiB,IAAIH,gBAAgBO;AACpD,eAAeP,gBAAgBQ",
      "names": [
        "createSlice",
        "initialState",
        "inputValue",
        "searchTextSlice",
        "name",
        "reducers",
        "updateInputValue",
        "state",
        "action",
        "payload",
        "actions",
        "reducer"
      ],
      "sources": [
        "F:/RSS_React/react-ssr/rs-react/react-components/src/slices/searchTextSlice.tsx"
      ],
      "file": "F:/RSS_React/react-ssr/rs-react/react-components/src/slices/searchTextSlice.tsx"
    },
    "_coverageSchema": "1a1c01bbd47fc00a2c39e90264f33305004495a9",
    "hash": "694bbda0be965c4384605ceeb7d16645f9d34394"
  },
  "F:/RSS_React/react-ssr/rs-react/react-components/src/slices/searchResultsSlice.tsx": {
    "path": "F:/RSS_React/react-ssr/rs-react/react-components/src/slices/searchResultsSlice.tsx",
    "statementMap": {
      "0": {
        "start": {
          "line": 2,
          "column": 21
        },
        "end": {
          "line": 4,
          "column": 1
        }
      },
      "1": {
        "start": {
          "line": 5,
          "column": 34
        },
        "end": {
          "line": 13,
          "column": 2
        }
      },
      "2": {
        "start": {
          "line": 10,
          "column": 6
        },
        "end": {
          "line": 10,
          "column": 43
        }
      },
      "3": {
        "start": {
          "line": 16,
          "column": 4
        },
        "end": {
          "line": 16,
          "column": 30
        }
      }
    },
    "fnMap": {
      "0": {
        "name": "(anonymous_0)",
        "decl": {
          "start": {
            "line": 9,
            "column": 25
          },
          "end": {
            "line": 9,
            "column": 26
          }
        },
        "loc": {
          "start": {
            "line": 9,
            "column": 44
          },
          "end": {
            "line": 11,
            "column": 5
          }
        },
        "line": 9
      }
    },
    "branchMap": {},
    "s": {
      "0": 56,
      "1": 56,
      "2": 50,
      "3": 56
    },
    "f": {
      "0": 50
    },
    "b": {},
    "inputSourceMap": {
      "version": 3,
      "mappings": "AACA,SAASA,mBAAmB;AAO5B,MAAMC,eAA+B;AAAA,EACnCC,eAAe;AACjB;AAEO,aAAMC,qBAAqBH,YAAY;AAAA,EAC5CI,MAAM;AAAA,EACNH;AAAAA,EACAI,UAAU;AAAA,IACRC,qBAAqBA,CAACC,OAAOC,WAA2C;AACtED,YAAML,gBAAgBM,OAAOC;AAAAA,IAC/B;AAAA,EACF;AACF,CAAC;AAEM,aAAM;AAAA,EAAEH;AAAoB,IAAIH,mBAAmBO;AAC1D,eAAeP,mBAAmBQ",
      "names": [
        "createSlice",
        "initialState",
        "searchResults",
        "searchResultsSlice",
        "name",
        "reducers",
        "updateSearchResults",
        "state",
        "action",
        "payload",
        "actions",
        "reducer"
      ],
      "sources": [
        "F:/RSS_React/react-ssr/rs-react/react-components/src/slices/searchResultsSlice.tsx"
      ],
      "file": "F:/RSS_React/react-ssr/rs-react/react-components/src/slices/searchResultsSlice.tsx"
    },
    "_coverageSchema": "1a1c01bbd47fc00a2c39e90264f33305004495a9",
    "hash": "d6ea752a6ee31e392f32f3a75e35ea507df2dd21"
  },
  "F:/RSS_React/react-ssr/rs-react/react-components/src/components/searchbar.tsx": {
    "path": "F:/RSS_React/react-ssr/rs-react/react-components/src/components/searchbar.tsx",
    "statementMap": {
      "0": {
        "start": {
          "line": 5,
          "column": 0
        },
        "end": {
          "line": 15,
          "column": 1
        }
      },
      "1": {
        "start": {
          "line": 6,
          "column": 2
        },
        "end": {
          "line": 8,
          "column": 3
        }
      },
      "2": {
        "start": {
          "line": 7,
          "column": 4
        },
        "end": {
          "line": 7,
          "column": 165
        }
      },
      "3": {
        "start": {
          "line": 9,
          "column": 2
        },
        "end": {
          "line": 9,
          "column": 39
        }
      },
      "4": {
        "start": {
          "line": 10,
          "column": 2
        },
        "end": {
          "line": 10,
          "column": 39
        }
      },
      "5": {
        "start": {
          "line": 11,
          "column": 2
        },
        "end": {
          "line": 13,
          "column": 4
        }
      },
      "6": {
        "start": {
          "line": 12,
          "column": 4
        },
        "end": {
          "line": 12,
          "column": 121
        }
      },
      "7": {
        "start": {
          "line": 14,
          "column": 2
        },
        "end": {
          "line": 14,
          "column": 75
        }
      },
      "8": {
        "start": {
          "line": 16,
          "column": 9
        },
        "end": {
          "line": 16,
          "column": 23
        }
      },
      "9": {
        "start": {
          "line": 24,
          "column": 2
        },
        "end": {
          "line": 24,
          "column": 7
        }
      },
      "10": {
        "start": {
          "line": 25,
          "column": 26
        },
        "end": {
          "line": 25,
          "column": 77
        }
      },
      "11": {
        "start": {
          "line": 25,
          "column": 49
        },
        "end": {
          "line": 25,
          "column": 76
        }
      },
      "12": {
        "start": {
          "line": 26,
          "column": 38
        },
        "end": {
          "line": 26,
          "column": 69
        }
      },
      "13": {
        "start": {
          "line": 27,
          "column": 26
        },
        "end": {
          "line": 27,
          "column": 38
        }
      },
      "14": {
        "start": {
          "line": 28,
          "column": 19
        },
        "end": {
          "line": 28,
          "column": 32
        }
      },
      "15": {
        "start": {
          "line": 33,
          "column": 7
        },
        "end": {
          "line": 33,
          "column": 58
        }
      },
      "16": {
        "start": {
          "line": 34,
          "column": 2
        },
        "end": {
          "line": 36,
          "column": 33
        }
      },
      "17": {
        "start": {
          "line": 35,
          "column": 4
        },
        "end": {
          "line": 35,
          "column": 29
        }
      },
      "18": {
        "start": {
          "line": 37,
          "column": 2
        },
        "end": {
          "line": 45,
          "column": 43
        }
      },
      "19": {
        "start": {
          "line": 38,
          "column": 4
        },
        "end": {
          "line": 44,
          "column": 5
        }
      },
      "20": {
        "start": {
          "line": 39,
          "column": 6
        },
        "end": {
          "line": 43,
          "column": 9
        }
      },
      "21": {
        "start": {
          "line": 40,
          "column": 8
        },
        "end": {
          "line": 42,
          "column": 9
        }
      },
      "22": {
        "start": {
          "line": 41,
          "column": 10
        },
        "end": {
          "line": 41,
          "column": 58
        }
      },
      "23": {
        "start": {
          "line": 46,
          "column": 22
        },
        "end": {
          "line": 51,
          "column": 3
        }
      },
      "24": {
        "start": {
          "line": 47,
          "column": 4
        },
        "end": {
          "line": 47,
          "column": 83
        }
      },
      "25": {
        "start": {
          "line": 48,
          "column": 4
        },
        "end": {
          "line": 50,
          "column": 12
        }
      },
      "26": {
        "start": {
          "line": 49,
          "column": 6
        },
        "end": {
          "line": 49,
          "column": 19
        }
      },
      "27": {
        "start": {
          "line": 52,
          "column": 2
        },
        "end": {
          "line": 102,
          "column": 11
        }
      },
      "28": {
        "start": {
          "line": 54,
          "column": 6
        },
        "end": {
          "line": 54,
          "column": 25
        }
      },
      "29": {
        "start": {
          "line": 55,
          "column": 6
        },
        "end": {
          "line": 55,
          "column": 45
        }
      },
      "30": {
        "start": {
          "line": 56,
          "column": 6
        },
        "end": {
          "line": 58,
          "column": 9
        }
      },
      "31": {
        "start": {
          "line": 57,
          "column": 8
        },
        "end": {
          "line": 57,
          "column": 103
        }
      },
      "32": {
        "start": {
          "line": 59,
          "column": 6
        },
        "end": {
          "line": 61,
          "column": 7
        }
      },
      "33": {
        "start": {
          "line": 60,
          "column": 8
        },
        "end": {
          "line": 60,
          "column": 22
        }
      },
      "34": {
        "start": {
          "line": 64,
          "column": 8
        },
        "end": {
          "line": 64,
          "column": 42
        }
      },
      "35": {
        "start": {
          "line": 104,
          "column": 0
        },
        "end": {
          "line": 106,
          "column": 3
        }
      },
      "36": {
        "start": {
          "line": 105,
          "column": 2
        },
        "end": {
          "line": 105,
          "column": 36
        }
      },
      "37": {
        "start": {
          "line": 107,
          "column": 0
        },
        "end": {
          "line": 107,
          "column": 15
        }
      },
      "38": {
        "start": {
          "line": 110,
          "column": 0
        },
        "end": {
          "line": 110,
          "column": 30
        }
      },
      "39": {
        "start": {
          "line": 111,
          "column": 0
        },
        "end": {
          "line": 127,
          "column": 1
        }
      },
      "40": {
        "start": {
          "line": 112,
          "column": 2
        },
        "end": {
          "line": 112,
          "column": 39
        }
      },
      "41": {
        "start": {
          "line": 113,
          "column": 2
        },
        "end": {
          "line": 113,
          "column": 39
        }
      },
      "42": {
        "start": {
          "line": 114,
          "column": 2
        },
        "end": {
          "line": 126,
          "column": 5
        }
      },
      "43": {
        "start": {
          "line": 118,
          "column": 4
        },
        "end": {
          "line": 118,
          "column": 147
        }
      },
      "44": {
        "start": {
          "line": 119,
          "column": 4
        },
        "end": {
          "line": 125,
          "column": 7
        }
      },
      "45": {
        "start": {
          "line": 120,
          "column": 6
        },
        "end": {
          "line": 121,
          "column": 15
        }
      },
      "46": {
        "start": {
          "line": 121,
          "column": 8
        },
        "end": {
          "line": 121,
          "column": 15
        }
      },
      "47": {
        "start": {
          "line": 122,
          "column": 32
        },
        "end": {
          "line": 122,
          "column": 115
        }
      },
      "48": {
        "start": {
          "line": 123,
          "column": 6
        },
        "end": {
          "line": 124,
          "column": 54
        }
      },
      "49": {
        "start": {
          "line": 124,
          "column": 8
        },
        "end": {
          "line": 124,
          "column": 54
        }
      }
    },
    "fnMap": {
      "0": {
        "name": "(anonymous_0)",
        "decl": {
          "start": {
            "line": 11,
            "column": 24
          },
          "end": {
            "line": 11,
            "column": 25
          }
        },
        "loc": {
          "start": {
            "line": 11,
            "column": 38
          },
          "end": {
            "line": 13,
            "column": 3
          }
        },
        "line": 11
      },
      "1": {
        "name": "SearchBar",
        "decl": {
          "start": {
            "line": 23,
            "column": 9
          },
          "end": {
            "line": 23,
            "column": 18
          }
        },
        "loc": {
          "start": {
            "line": 23,
            "column": 21
          },
          "end": {
            "line": 103,
            "column": 1
          }
        },
        "line": 23
      },
      "2": {
        "name": "(anonymous_2)",
        "decl": {
          "start": {
            "line": 25,
            "column": 38
          },
          "end": {
            "line": 25,
            "column": 39
          }
        },
        "loc": {
          "start": {
            "line": 25,
            "column": 49
          },
          "end": {
            "line": 25,
            "column": 76
          }
        },
        "line": 25
      },
      "3": {
        "name": "(anonymous_3)",
        "decl": {
          "start": {
            "line": 34,
            "column": 12
          },
          "end": {
            "line": 34,
            "column": 13
          }
        },
        "loc": {
          "start": {
            "line": 34,
            "column": 18
          },
          "end": {
            "line": 36,
            "column": 3
          }
        },
        "line": 34
      },
      "4": {
        "name": "(anonymous_4)",
        "decl": {
          "start": {
            "line": 37,
            "column": 12
          },
          "end": {
            "line": 37,
            "column": 13
          }
        },
        "loc": {
          "start": {
            "line": 37,
            "column": 18
          },
          "end": {
            "line": 45,
            "column": 3
          }
        },
        "line": 37
      },
      "5": {
        "name": "(anonymous_5)",
        "decl": {
          "start": {
            "line": 39,
            "column": 23
          },
          "end": {
            "line": 39,
            "column": 24
          }
        },
        "loc": {
          "start": {
            "line": 39,
            "column": 32
          },
          "end": {
            "line": 43,
            "column": 7
          }
        },
        "line": 39
      },
      "6": {
        "name": "(anonymous_6)",
        "decl": {
          "start": {
            "line": 46,
            "column": 22
          },
          "end": {
            "line": 46,
            "column": 23
          }
        },
        "loc": {
          "start": {
            "line": 46,
            "column": 28
          },
          "end": {
            "line": 51,
            "column": 3
          }
        },
        "line": 46
      },
      "7": {
        "name": "(anonymous_7)",
        "decl": {
          "start": {
            "line": 48,
            "column": 15
          },
          "end": {
            "line": 48,
            "column": 16
          }
        },
        "loc": {
          "start": {
            "line": 48,
            "column": 21
          },
          "end": {
            "line": 50,
            "column": 5
          }
        },
        "line": 48
      },
      "8": {
        "name": "(anonymous_8)",
        "decl": {
          "start": {
            "line": 53,
            "column": 77
          },
          "end": {
            "line": 53,
            "column": 78
          }
        },
        "loc": {
          "start": {
            "line": 53,
            "column": 84
          },
          "end": {
            "line": 62,
            "column": 5
          }
        },
        "line": 53
      },
      "9": {
        "name": "(anonymous_9)",
        "decl": {
          "start": {
            "line": 56,
            "column": 31
          },
          "end": {
            "line": 56,
            "column": 32
          }
        },
        "loc": {
          "start": {
            "line": 56,
            "column": 40
          },
          "end": {
            "line": 58,
            "column": 7
          }
        },
        "line": 56
      },
      "10": {
        "name": "(anonymous_10)",
        "decl": {
          "start": {
            "line": 63,
            "column": 151
          },
          "end": {
            "line": 63,
            "column": 152
          }
        },
        "loc": {
          "start": {
            "line": 63,
            "column": 162
          },
          "end": {
            "line": 65,
            "column": 7
          }
        },
        "line": 63
      },
      "11": {
        "name": "(anonymous_11)",
        "decl": {
          "start": {
            "line": 104,
            "column": 52
          },
          "end": {
            "line": 104,
            "column": 53
          }
        },
        "loc": {
          "start": {
            "line": 104,
            "column": 63
          },
          "end": {
            "line": 106,
            "column": 1
          }
        },
        "line": 104
      },
      "12": {
        "name": "(anonymous_12)",
        "decl": {
          "start": {
            "line": 117,
            "column": 9
          },
          "end": {
            "line": 117,
            "column": 10
          }
        },
        "loc": {
          "start": {
            "line": 117,
            "column": 29
          },
          "end": {
            "line": 126,
            "column": 3
          }
        },
        "line": 117
      },
      "13": {
        "name": "(anonymous_13)",
        "decl": {
          "start": {
            "line": 119,
            "column": 27
          },
          "end": {
            "line": 119,
            "column": 28
          }
        },
        "loc": {
          "start": {
            "line": 119,
            "column": 44
          },
          "end": {
            "line": 125,
            "column": 5
          }
        },
        "line": 119
      }
    },
    "branchMap": {
      "0": {
        "loc": {
          "start": {
            "line": 5,
            "column": 0
          },
          "end": {
            "line": 15,
            "column": 1
          }
        },
        "type": "if",
        "locations": [
          {
            "start": {
              "line": 5,
              "column": 0
            },
            "end": {
              "line": 15,
              "column": 1
            }
          },
          {
            "start": {},
            "end": {}
          }
        ],
        "line": 5
      },
      "1": {
        "loc": {
          "start": {
            "line": 6,
            "column": 2
          },
          "end": {
            "line": 8,
            "column": 3
          }
        },
        "type": "if",
        "locations": [
          {
            "start": {
              "line": 6,
              "column": 2
            },
            "end": {
              "line": 8,
              "column": 3
            }
          },
          {
            "start": {},
            "end": {}
          }
        ],
        "line": 6
      },
      "2": {
        "loc": {
          "start": {
            "line": 26,
            "column": 47
          },
          "end": {
            "line": 26,
            "column": 68
          }
        },
        "type": "binary-expr",
        "locations": [
          {
            "start": {
              "line": 26,
              "column": 47
            },
            "end": {
              "line": 26,
              "column": 62
            }
          },
          {
            "start": {
              "line": 26,
              "column": 66
            },
            "end": {
              "line": 26,
              "column": 68
            }
          }
        ],
        "line": 26
      },
      "3": {
        "loc": {
          "start": {
            "line": 38,
            "column": 4
          },
          "end": {
            "line": 44,
            "column": 5
          }
        },
        "type": "if",
        "locations": [
          {
            "start": {
              "line": 38,
              "column": 4
            },
            "end": {
              "line": 44,
              "column": 5
            }
          },
          {
            "start": {},
            "end": {}
          }
        ],
        "line": 38
      },
      "4": {
        "loc": {
          "start": {
            "line": 40,
            "column": 8
          },
          "end": {
            "line": 42,
            "column": 9
          }
        },
        "type": "if",
        "locations": [
          {
            "start": {
              "line": 40,
              "column": 8
            },
            "end": {
              "line": 42,
              "column": 9
            }
          },
          {
            "start": {},
            "end": {}
          }
        ],
        "line": 40
      },
      "5": {
        "loc": {
          "start": {
            "line": 57,
            "column": 8
          },
          "end": {
            "line": 57,
            "column": 102
          }
        },
        "type": "cond-expr",
        "locations": [
          {
            "start": {
              "line": 57,
              "column": 19
            },
            "end": {
              "line": 57,
              "column": 66
            }
          },
          {
            "start": {
              "line": 57,
              "column": 69
            },
            "end": {
              "line": 57,
              "column": 102
            }
          }
        ],
        "line": 57
      },
      "6": {
        "loc": {
          "start": {
            "line": 59,
            "column": 6
          },
          "end": {
            "line": 61,
            "column": 7
          }
        },
        "type": "if",
        "locations": [
          {
            "start": {
              "line": 59,
              "column": 6
            },
            "end": {
              "line": 61,
              "column": 7
            }
          },
          {
            "start": {},
            "end": {}
          }
        ],
        "line": 59
      },
      "7": {
        "loc": {
          "start": {
            "line": 80,
            "column": 4
          },
          "end": {
            "line": 84,
            "column": 12
          }
        },
        "type": "binary-expr",
        "locations": [
          {
            "start": {
              "line": 80,
              "column": 4
            },
            "end": {
              "line": 80,
              "column": 14
            }
          },
          {
            "start": {
              "line": 80,
              "column": 34
            },
            "end": {
              "line": 84,
              "column": 12
            }
          }
        ],
        "line": 80
      },
      "8": {
        "loc": {
          "start": {
            "line": 85,
            "column": 4
          },
          "end": {
            "line": 89,
            "column": 12
          }
        },
        "type": "binary-expr",
        "locations": [
          {
            "start": {
              "line": 85,
              "column": 4
            },
            "end": {
              "line": 85,
              "column": 7
            }
          },
          {
            "start": {
              "line": 85,
              "column": 27
            },
            "end": {
              "line": 89,
              "column": 12
            }
          }
        ],
        "line": 85
      },
      "9": {
        "loc": {
          "start": {
            "line": 90,
            "column": 4
          },
          "end": {
            "line": 97,
            "column": 12
          }
        },
        "type": "binary-expr",
        "locations": [
          {
            "start": {
              "line": 90,
              "column": 4
            },
            "end": {
              "line": 90,
              "column": 11
            }
          },
          {
            "start": {
              "line": 90,
              "column": 15
            },
            "end": {
              "line": 90,
              "column": 20
            }
          },
          {
            "start": {
              "line": 90,
              "column": 40
            },
            "end": {
              "line": 97,
              "column": 12
            }
          }
        ],
        "line": 90
      },
      "10": {
        "loc": {
          "start": {
            "line": 92,
            "column": 6
          },
          "end": {
            "line": 92,
            "column": 50
          }
        },
        "type": "cond-expr",
        "locations": [
          {
            "start": {
              "line": 92,
              "column": 26
            },
            "end": {
              "line": 92,
              "column": 38
            }
          },
          {
            "start": {
              "line": 92,
              "column": 41
            },
            "end": {
              "line": 92,
              "column": 50
            }
          }
        ],
        "line": 92
      },
      "11": {
        "loc": {
          "start": {
            "line": 111,
            "column": 0
          },
          "end": {
            "line": 127,
            "column": 1
          }
        },
        "type": "if",
        "locations": [
          {
            "start": {
              "line": 111,
              "column": 0
            },
            "end": {
              "line": 127,
              "column": 1
            }
          },
          {
            "start": {},
            "end": {}
          }
        ],
        "line": 111
      },
      "12": {
        "loc": {
          "start": {
            "line": 120,
            "column": 6
          },
          "end": {
            "line": 121,
            "column": 15
          }
        },
        "type": "if",
        "locations": [
          {
            "start": {
              "line": 120,
              "column": 6
            },
            "end": {
              "line": 121,
              "column": 15
            }
          },
          {
            "start": {},
            "end": {}
          }
        ],
        "line": 120
      },
      "13": {
        "loc": {
          "start": {
            "line": 123,
            "column": 6
          },
          "end": {
            "line": 124,
            "column": 54
          }
        },
        "type": "if",
        "locations": [
          {
            "start": {
              "line": 123,
              "column": 6
            },
            "end": {
              "line": 124,
              "column": 54
            }
          },
          {
            "start": {},
            "end": {}
          }
        ],
        "line": 123
      }
    },
    "s": {
      "0": 56,
      "1": 56,
      "2": 0,
      "3": 56,
      "4": 56,
      "5": 56,
      "6": 56,
      "7": 56,
      "8": 56,
      "9": 598,
      "10": 598,
      "11": 852,
      "12": 598,
      "13": 598,
      "14": 598,
      "15": 598,
      "16": 598,
      "17": 70,
      "18": 598,
      "19": 70,
      "20": 50,
      "21": 40,
      "22": 40,
      "23": 598,
      "24": 0,
      "25": 0,
      "26": 0,
      "27": 598,
      "28": 10,
      "29": 10,
      "30": 10,
      "31": 10,
      "32": 10,
      "33": 0,
      "34": 190,
      "35": 56,
      "36": 25,
      "37": 56,
      "38": 56,
      "39": 56,
      "40": 56,
      "41": 56,
      "42": 56,
      "43": 40,
      "44": 40,
      "45": 0,
      "46": 0,
      "47": 0,
      "48": 0,
      "49": 0
    },
    "f": {
      "0": 56,
      "1": 598,
      "2": 852,
      "3": 70,
      "4": 70,
      "5": 40,
      "6": 0,
      "7": 0,
      "8": 10,
      "9": 10,
      "10": 190,
      "11": 25,
      "12": 40,
      "13": 0
    },
    "b": {
      "0": [
        56,
        0
      ],
      "1": [
        0,
        56
      ],
      "2": [
        598,
        514
      ],
      "3": [
        50,
        20
      ],
      "4": [
        40,
        0
      ],
      "5": [
        5,
        5
      ],
      "6": [
        0,
        10
      ],
      "7": [
        598,
        94
      ],
      "8": [
        598,
        0
      ],
      "9": [
        598,
        10,
        10
      ],
      "10": [
        10,
        0
      ],
      "11": [
        56,
        0
      ],
      "12": [
        0,
        0
      ],
      "13": [
        0,
        0
      ]
    },
    "inputSourceMap": {
      "version": 3,
      "mappings": "AA0DQ;;;;;;;;;;;;;;;;AA1DR,SAAgBA,UAAUC,iBAAiB;AAC3C,SAASC,eAAe;AACxB,SAASC,aAAaC,mBAAmB;AACzC,SAASC,wBAAwB;AACjC,SAASC,2BAA2B;AAEpC,OAAO;AAEP,SAASC,YAAY;AAAAC;AACnB,QAAMC,kBAAkBN,YAAY,CAACO,UAAqBA,MAAMC,WAAWC,UAAU;AACrF,QAAM,CAACA,YAAYC,aAAa,IAAIb,SAASS,mBAAmB,EAAE;AAElE,QAAM,CAACK,KAAKC,QAAQ,IAAIf,SAAS,EAAE;AAEnC,QAAMgB,WAAWZ,YAAW;AAE5B,QAAM,CAACa,SAAS;AAAA,IAAEC;AAAAA,IAAYC;AAAAA,IAASC;AAAAA,EAAM,CAAC,IAC5ClB,QAAQmB,UAAUC,mBAAmBC,aAAY;AAEnDtB,YAAU,MAAM;AACdgB,YAAQR,eAAe;AAAA,EACzB,GAAG,CAACA,iBAAiBQ,OAAO,CAAC;AAE7BhB,YAAU,MAAM;AACd,QAAI,CAACQ,iBAAiB;AACpBQ,cAAQ,EAAE,EAAEO,KAAMC,SAAQ;AACxB,YAAIA,IAAIC,MAAM;AACZV,mBAASV,oBAAoBmB,IAAIC,KAAKC,OAAO,CAAC;AAAA,QAChD;AAAA,MACF,CAAC;AAAA,IACH;AAAA,EACF,GAAG,CAACX,UAAUC,SAASR,eAAe,CAAC;AAEvC,QAAMmB,cAAcA,MAAM;AACxBb,aAAS,oEAAoE;AAC7Ec,eAAW,MAAM;AACfd,eAAS,EAAE;AAAA,IACb,GAAG,GAAI;AAAA,EACT;AAEA,SACE,uBAAC,aAAQ,WAAU,aACjB;AAAA,2BAAC,UACC,WAAU,mBACV,UAAWe,OAAM;AACfA,QAAEC,eAAc;AAChBf,eAASX,iBAAiBO,UAAU,CAAC;AACrCK,cAAQL,UAAU,EAAEY,KAAMC,SAAQ;AAChCA,YAAIC,OACAV,SAASV,oBAAoBmB,IAAIC,KAAKC,OAAO,CAAC,IAC9CX,SAASV,oBAAoB,EAAE,CAAC;AAAA,MACtC,CAAC;AAED,UAAI,CAACM,YAAY;AACfgB,oBAAW;AAAA,MACb;AAAA,IACF,GAEA;AAAA,6BAAC,WACC,MAAK,QACL,WAAU,yBACV,aAAY,mBACZ,OAAOhB,YACP,UAAWoB,WAAU;AACnBnB,sBAAcmB,MAAMC,OAAOC,KAAK;AAAA,MAClC,KAPF;AAAA;AAAA;AAAA;AAAA,aAOI;AAAA,MAEJ,uBAAC,YAAO,WAAU,UAAS,sBAA3B;AAAA;AAAA;AAAA;AAAA,aAAiC;AAAA,SAzBnC;AAAA;AAAA;AAAA;AAAA,WA0BA;AAAA,IACChB,cAAc,uBAAC,OAAE,WAAU,+BAA8B,sCAA3C;AAAA;AAAA;AAAA;AAAA,WAAiE;AAAA,IAC/EJ,OAAO,uBAAC,OAAE,WAAU,iCAAiCA,iBAA9C;AAAA;AAAA;AAAA;AAAA,WAAkD;AAAA,IACzDK,WAAWC,SACV,uBAAC,OAAE,WAAU,iCAAgC;AAAA;AAAA,MACvB,YAAYA,QAAQA,MAAMe,SAAS;AAAA,SADzD;AAAA;AAAA;AAAA;AAAA,WAEA;AAAA,OAjCJ;AAAA;AAAA;AAAA;AAAA,SAmCA;AAEJ;AAAC3B,GAtEQD,WAAS;AAAA,UACQJ,aAKPC,WAAW;AAAA;AAAAgC,KANrB7B;AAwET,eAAeA;AAAU;AAAA8B",
      "names": [
        "useState",
        "useEffect",
        "rickApi",
        "useSelector",
        "useDispatch",
        "updateInputValue",
        "updateSearchResults",
        "SearchBar",
        "_s",
        "reduxInputValue",
        "state",
        "searchText",
        "inputValue",
        "setInputValue",
        "err",
        "setError",
        "dispatch",
        "trigger",
        "isFetching",
        "isError",
        "error",
        "endpoints",
        "getCharacterByName",
        "useLazyQuery",
        "then",
        "res",
        "data",
        "results",
[...]
      },
      "3": {
        "start": {
          "line": 9,
          "column": 2
        },
        "end": {
          "line": 9,
          "column": 39
        }
      },
      "4": {
        "start": {
          "line": 10,
          "column": 2
        },
        "end": {
          "line": 10,
          "column": 39
        }
      },
      "5": {
        "start": {
          "line": 11,
          "column": 2
        },
        "end": {
          "line": 13,
          "column": 4
        }
      },
      "6": {
        "start": {
          "line": 12,
          "column": 4
        },
        "end": {
          "line": 12,
          "column": 104
        }
      },
      "7": {
        "start": {
          "line": 14,
          "column": 2
        },
        "end": {
          "line": 14,
          "column": 75
        }
      },
      "8": {
        "start": {
          "line": 23,
          "column": 2
        },
        "end": {
          "line": 85,
          "column": 11
        }
      },
      "9": {
        "start": {
          "line": 87,
          "column": 0
        },
        "end": {
          "line": 87,
          "column": 9
        }
      },
      "10": {
        "start": {
          "line": 89,
          "column": 2
        },
        "end": {
          "line": 97,
          "column": 11
        }
      },
      "11": {
        "start": {
          "line": 99,
          "column": 0
        },
        "end": {
          "line": 99,
          "column": 13
        }
      },
      "12": {
        "start": {
          "line": 102,
          "column": 0
        },
        "end": {
          "line": 102,
          "column": 24
        }
      },
      "13": {
        "start": {
          "line": 103,
          "column": 0
        },
        "end": {
          "line": 103,
          "column": 28
        }
      },
      "14": {
        "start": {
          "line": 104,
          "column": 0
        },
        "end": {
          "line": 120,
          "column": 1
        }
      },
      "15": {
        "start": {
          "line": 105,
          "column": 2
        },
        "end": {
          "line": 105,
          "column": 39
        }
      },
      "16": {
        "start": {
          "line": 106,
          "column": 2
        },
        "end": {
          "line": 106,
          "column": 39
        }
      },
      "17": {
        "start": {
          "line": 107,
          "column": 2
        },
        "end": {
          "line": 119,
          "column": 5
        }
      },
      "18": {
        "start": {
          "line": 111,
          "column": 4
        },
        "end": {
          "line": 111,
          "column": 130
        }
      },
      "19": {
        "start": {
          "line": 112,
          "column": 4
        },
        "end": {
          "line": 118,
          "column": 7
        }
      },
      "20": {
        "start": {
          "line": 113,
          "column": 6
        },
        "end": {
          "line": 114,
          "column": 15
        }
      },
      "21": {
        "start": {
          "line": 114,
          "column": 8
        },
        "end": {
          "line": 114,
          "column": 15
        }
      },
      "22": {
        "start": {
          "line": 115,
          "column": 32
        },
        "end": {
          "line": 115,
          "column": 115
        }
      },
      "23": {
        "start": {
          "line": 116,
          "column": 6
        },
        "end": {
          "line": 117,
          "column": 54
        }
      },
      "24": {
        "start": {
          "line": 117,
          "column": 8
        },
        "end": {
          "line": 117,
          "column": 54
        }
      }
    },
    "fnMap": {
      "0": {
        "name": "(anonymous_0)",
        "decl": {
          "start": {
            "line": 11,
            "column": 24
          },
          "end": {
            "line": 11,
            "column": 25
          }
        },
        "loc": {
          "start": {
            "line": 11,
            "column": 38
          },
          "end": {
            "line": 13,
            "column": 3
          }
        },
        "line": 11
      },
      "1": {
        "name": "App",
        "decl": {
          "start": {
            "line": 22,
            "column": 9
          },
          "end": {
            "line": 22,
            "column": 12
          }
        },
        "loc": {
          "start": {
            "line": 22,
            "column": 15
          },
          "end": {
            "line": 86,
            "column": 1
          }
        },
        "line": 22
      },
      "2": {
        "name": "Layout",
        "decl": {
          "start": {
            "line": 88,
            "column": 9
          },
          "end": {
            "line": 88,
            "column": 15
          }
        },
        "loc": {
          "start": {
            "line": 88,
            "column": 18
          },
          "end": {
            "line": 98,
            "column": 1
          }
        },
        "line": 88
      },
      "3": {
        "name": "(anonymous_3)",
        "decl": {
          "start": {
            "line": 110,
            "column": 9
          },
          "end": {
            "line": 110,
            "column": 10
          }
        },
        "loc": {
          "start": {
            "line": 110,
            "column": 29
          },
          "end": {
            "line": 119,
            "column": 3
          }
        },
        "line": 110
      },
      "4": {
        "name": "(anonymous_4)",
        "decl": {
          "start": {
            "line": 112,
            "column": 27
          },
          "end": {
            "line": 112,
            "column": 28
          }
        },
        "loc": {
          "start": {
            "line": 112,
            "column": 44
          },
          "end": {
            "line": 118,
            "column": 5
          }
        },
        "line": 112
      }
    },
    "branchMap": {
      "0": {
        "loc": {
          "start": {
            "line": 5,
            "column": 0
          },
          "end": {
            "line": 15,
            "column": 1
          }
        },
        "type": "if",
        "locations": [
          {
            "start": {
              "line": 5,
              "column": 0
            },
            "end": {
              "line": 15,
              "column": 1
            }
          },
          {
            "start": {},
            "end": {}
          }
        ],
        "line": 5
      },
      "1": {
        "loc": {
          "start": {
            "line": 6,
            "column": 2
          },
          "end": {
            "line": 8,
            "column": 3
          }
        },
        "type": "if",
        "locations": [
          {
            "start": {
              "line": 6,
              "column": 2
            },
            "end": {
              "line": 8,
              "column": 3
            }
          },
          {
            "start": {},
            "end": {}
          }
        ],
        "line": 6
      },
      "2": {
        "loc": {
          "start": {
            "line": 104,
            "column": 0
          },
          "end": {
            "line": 120,
            "column": 1
          }
        },
        "type": "if",
        "locations": [
          {
            "start": {
              "line": 104,
              "column": 0
            },
            "end": {
              "line": 120,
              "column": 1
            }
          },
          {
            "start": {},
            "end": {}
          }
        ],
        "line": 104
      },
      "3": {
        "loc": {
          "start": {
            "line": 113,
            "column": 6
          },
          "end": {
            "line": 114,
            "column": 15
          }
        },
        "type": "if",
        "locations": [
          {
            "start": {
              "line": 113,
              "column": 6
            },
            "end": {
              "line": 114,
              "column": 15
            }
          },
          {
            "start": {},
            "end": {}
          }
        ],
        "line": 113
      },
      "4": {
        "loc": {
          "start": {
            "line": 116,
            "column": 6
          },
          "end": {
            "line": 117,
            "column": 54
          }
        },
        "type": "if",
        "locations": [
          {
            "start": {
              "line": 116,
              "column": 6
            },
            "end": {
              "line": 117,
              "column": 54
            }
          },
          {
            "start": {},
            "end": {}
          }
        ],
        "line": 116
      }
    },
    "s": {
      "0": 56,
      "1": 56,
      "2": 0,
      "3": 56,
      "4": 56,
      "5": 56,
      "6": 112,
      "7": 56,
      "8": 112,
      "9": 56,
      "10": 112,
      "11": 56,
      "12": 56,
      "13": 56,
      "14": 56,
      "15": 56,
      "16": 56,
      "17": 56,
      "18": 40,
      "19": 40,
      "20": 0,
      "21": 0,
      "22": 0,
      "23": 0,
      "24": 0
    },
    "f": {
      "0": 112,
      "1": 112,
      "2": 112,
      "3": 40,
      "4": 0
    },
    "b": {
      "0": [
        56,
        0
      ],
      "1": [
        0,
        56
      ],
      "2": [
        56,
        0
      ],
      "3": [
        0,
        0
      ],
      "4": [
        0,
        0
      ]
    },
    "inputSourceMap": {
      "version": 3,
      "mappings": "AAUI,mBAEoB,cAFpB;AAVJ,2BAAwBA;AAAc;AAAkB;AAAA;AAAA;AAAA;AAAA;AAAA;AAAA;AAAA;AAAA;AAAA;AAAA;AAAA;AAAA;AAExD,OAAOC,cAAc;AACrB,OAAOC,eAAe;AACtB,OAAOC,eAAe;AACtB,OAAOC,cAAc;AACrB,OAAO;AAEP,SAASC,MAAM;AACb,SACE,mCACE,iCAAC,UACC,iCAAC,SAAM,SAAS,uBAAC,YAAD;AAAA;AAAA;AAAA;AAAA,SAAO,GACrB;AAAA,2BAAC,SAAM,OAAK,MAAC,SAAS,uBAAC,cAAD;AAAA;AAAA;AAAA;AAAA,WAAS,KAA/B;AAAA;AAAA;AAAA;AAAA,WAAmC;AAAA,IACnC,uBAAC,SAAM,MAAK,KAAI,SAAS,uBAAC,cAAD;AAAA;AAAA;AAAA;AAAA,WAAS,KAAlC;AAAA;AAAA;AAAA;AAAA,WAAsC;AAAA,IACtC,uBAAC,SAAM,MAAK,SAAQ,SAAS,uBAAC,eAAD;AAAA;AAAA;AAAA;AAAA,WAAU,KAAvC;AAAA;AAAA;AAAA;AAAA,WAA2C;AAAA,IAC3C,uBAAC,SAAM,MAAK,QAAO,SAAS,uBAAC,cAAD;AAAA;AAAA;AAAA;AAAA,WAAS,KAArC;AAAA;AAAA;AAAA;AAAA,WAAyC;AAAA,IACzC,uBAAC,SAAM,MAAK,KAAI,SAAS,uBAAC,eAAD;AAAA;AAAA;AAAA;AAAA,WAAU,KAAnC;AAAA;AAAA;AAAA;AAAA,WAAuC;AAAA,OALzC;AAAA;AAAA;AAAA;AAAA,SAMA,KAPF;AAAA;AAAA;AAAA;AAAA,SAQA,KATF;AAAA;AAAA;AAAA;AAAA,SAUA;AAEJ;AAACC,KAdQD;AAgBT,SAASE,SAAS;AAChB,SACE,mCACE,iCAAC,YAAD;AAAA;AAAA;AAAA;AAAA,SAAO,KADT;AAAA;AAAA;AAAA;AAAA,SAEA;AAEJ;AAACC,MANQD;AAQT,eAAeF;AAAI;AAAAI;AAAAA",
      "names": [
        "Outlet",
        "MainPage",
        "AboutPage",
        "ErrorPage",
        "FormPage",
        "App",
        "_c",
        "Layout",
        "_c2",
        "$RefreshReg$"
      ],
      "sources": [
        "F:/RSS_React/react-ssr/rs-react/react-components/src/app.tsx"
      ],
      "file": "F:/RSS_React/react-ssr/rs-react/react-components/src/app.tsx"
    },
    "_coverageSchema": "1a1c01bbd47fc00a2c39e90264f33305004495a9",
    "hash": "56b20e533d8e5ec2e90679099c812e9aee58330d"
  },
  "F:/RSS_React/react-ssr/rs-react/react-components/src/store/store.tsx": {
    "path": "F:/RSS_React/react-ssr/rs-react/react-components/src/store/store.tsx",
    "statementMap": {
      "0": {
        "start": {
          "line": 6,
          "column": 21
        },
        "end": {
          "line": 14,
          "column": 2
        }
      },
      "1": {
        "start": {
          "line": 13,
          "column": 40
        },
        "end": {
          "line": 13,
          "column": 89
        }
      }
    },
    "fnMap": {
      "0": {
        "name": "(anonymous_0)",
        "decl": {
          "start": {
            "line": 13,
            "column": 14
          },
          "end": {
            "line": 13,
            "column": 15
          }
        },
        "loc": {
          "start": {
            "line": 13,
            "column": 40
          },
          "end": {
            "line": 13,
            "column": 89
          }
        },
        "line": 13
      }
    },
    "branchMap": {},
    "s": {
      "0": 56,
      "1": 56
    },
    "f": {
      "0": 56
    },
    "b": {},
    "inputSourceMap": {
      "version": 3,
      "mappings": "AAAA,SAASA,sBAAsB;AAC/B,OAAOC,iBAAiB;AACxB,SAASC,eAAe;AACxB,OAAOC,uBAAuB;AAC9B,OAAOC,0BAA0B;AAE1B,aAAMC,QAAQL,eAAe;AAAA,EAClCM,SAAS;AAAA,IACPC,WAAWN;AAAAA,IACXO,YAAYL;AAAAA,IACZM,eAAeL;AAAAA,IACf,CAACF,QAAQQ,WAAW,GAAGR,QAAQI;AAAAA,EACjC;AAAA,EACAK,YAAaC,0BAAyBA,qBAAoB,EAAGC,OAAOX,QAAQS,UAAU;AACxF,CAAC",
      "names": [
        "configureStore",
        "formReducer",
        "rickApi",
        "searchTextReducer",
        "searchResultsReducer",
        "store",
        "reducer",
        "formCards",
        "searchText",
        "searchResults",
        "reducerPath",
        "middleware",
        "getDefaultMiddleware",
        "concat"
      ],
      "sources": [
        "F:/RSS_React/react-ssr/rs-react/react-components/src/store/store.tsx"
      ],
      "file": "F:/RSS_React/react-ssr/rs-react/react-components/src/store/store.tsx"
    },
    "_coverageSchema": "1a1c01bbd47fc00a2c39e90264f33305004495a9",
    "hash": "db6a180ab0a3d7662355193e52413f6afbd21561"
  },
  "F:/RSS_React/react-ssr/rs-react/react-components/src/entry-client.tsx": {
    "path": "F:/RSS_React/react-ssr/rs-react/react-components/src/entry-client.tsx",
    "statementMap": {
      "0": {
        "start": {
          "line": 10,
          "column": 13
        },
        "end": {
          "line": 10,
          "column": 44
        }
      },
      "1": {
        "start": {
          "line": 11,
          "column": 0
        },
        "end": {
          "line": 27,
          "column": 10
        }
      }
    },
    "fnMap": {},
    "branchMap": {},
    "s": {
      "0": 56,
      "1": 56
    },
    "f": {},
    "b": {},
    "inputSourceMap": {
      "version": 3,
      "mappings": "AAgBQ;AAhBR,OAAOA,WAAW;AAClB,SAASC,mBAAmB;AAC5B,SAASC,qBAAqB;AAC9B,OAAOC,SAAS;AAChB,OAAO;AACP,SAASC,gBAAgB;AACzB,SAASC,aAAa;AACtB,OAAO;AAEP,MAAMC,OAAOC,SAASC,eAAe,MAAM;AAE3CP,YACEK,MACA,uBAAC,MAAM,YAAN,EACC,iCAAC,YAAS,OACR,iCAAC,iBACC,iCAAC,SAAD;AAAA;AAAA;AAAA;AAAA,OAAI,KADN;AAAA;AAAA;AAAA;AAAA,OAEA,KAHF;AAAA;AAAA;AAAA;AAAA,OAIA,KALF;AAAA;AAAA;AAAA;AAAA,OAMA,CAAmB",
      "names": [
        "React",
        "hydrateRoot",
        "BrowserRouter",
        "App",
        "Provider",
        "store",
        "root",
        "document",
        "getElementById"
      ],
      "sources": [
        "F:/RSS_React/react-ssr/rs-react/react-components/src/entry-client.tsx"
      ],
      "file": "F:/RSS_React/react-ssr/rs-react/react-components/src/entry-client.tsx"
    },
    "_coverageSchema": "1a1c01bbd47fc00a2c39e90264f33305004495a9",
    "hash": "8199645da784d71f7c00122cccdc30dbaf8ad358"
  },
  "F:/RSS_React/react-ssr/rs-react/react-components/src/helpers/generateCardData.ts": {
    "path": "F:/RSS_React/react-ssr/rs-react/react-components/src/helpers/generateCardData.ts",
    "statementMap": {},
    "fnMap": {},
    "branchMap": {},
    "s": {},
    "f": {},
    "b": {}
  },
  "F:/RSS_React/react-ssr/rs-react/react-components/src/helpers/getCardsInfo.ts": {
    "path": "F:/RSS_React/react-ssr/rs-react/react-components/src/helpers/getCardsInfo.ts",
    "statementMap": {},
    "fnMap": {},
    "branchMap": {},
    "s": {},
    "f": {},
    "b": {}
  },
  "F:/RSS_React/react-ssr/rs-react/react-components/src/mocks/handlers.ts": {
    "path": "F:/RSS_React/react-ssr/rs-react/react-components/src/mocks/handlers.ts",
    "statementMap": {},
    "fnMap": {},
    "branchMap": {},
    "s": {},
    "f": {},
    "b": {}
  },
  "F:/RSS_React/react-ssr/rs-react/react-components/src/mocks/mockData.ts": {
    "path": "F:/RSS_React/react-ssr/rs-react/react-components/src/mocks/mockData.ts",
    "statementMap": {},
    "fnMap": {},
    "branchMap": {},
    "s": {},
    "f": {},
    "b": {}
  },
  "F:/RSS_React/react-ssr/rs-react/react-components/src/mocks/server.ts": {
    "path": "F:/RSS_React/react-ssr/rs-react/react-components/src/mocks/server.ts",
    "statementMap": {},
    "fnMap": {},
    "branchMap": {},
    "s": {},
    "f": {},
    "b": {}
  },
  "F:/RSS_React/react-ssr/rs-react/react-components/src/tests/generateCardData.test.ts": {
    "path": "F:/RSS_React/react-ssr/rs-react/react-components/src/tests/generateCardData.test.ts",
    "statementMap": {},
    "fnMap": {},
    "branchMap": {},
    "s": {},
    "f": {},
    "b": {}
  },
  "F:/RSS_React/react-ssr/rs-react/react-components/src/tests/getCardsInfo.test.ts": {
    "path": "F:/RSS_React/react-ssr/rs-react/react-components/src/tests/getCardsInfo.test.ts",
    "statementMap": {},
    "fnMap": {},
    "branchMap": {},
    "s": {},
    "f": {},
    "b": {}
  },
  "F:/RSS_React/react-ssr/rs-react/react-components/src/tests/validations.test.ts": {
    "path": "F:/RSS_React/react-ssr/rs-react/react-components/src/tests/validations.test.ts",
    "statementMap": {},
    "fnMap": {},
    "branchMap": {},
    "s": {},
    "f": {},
    "b": {}
  },
  "F:/RSS_React/react-ssr/rs-react/react-components/src/entry-server.tsx": {
    "path": "F:/RSS_React/react-ssr/rs-react/react-components/src/entry-server.tsx",
    "statementMap": {},
    "fnMap": {},
    "branchMap": {},
    "s": {},
    "f": {},
    "b": {}
  },
  "F:/RSS_React/react-ssr/rs-react/react-components/src/tests/404.test.tsx": {
    "path": "F:/RSS_React/react-ssr/rs-react/react-components/src/tests/404.test.tsx",
    "statementMap": {},
    "fnMap": {},
    "branchMap": {},
    "s": {},
    "f": {},
    "b": {}
  },
  "F:/RSS_React/react-ssr/rs-react/react-components/src/tests/about.test.tsx": {
    "path": "F:/RSS_React/react-ssr/rs-react/react-components/src/tests/about.test.tsx",
    "statementMap": {},
    "fnMap": {},
    "branchMap": {},
    "s": {},
    "f": {},
    "b": {}
  },
  "F:/RSS_React/react-ssr/rs-react/react-components/src/tests/card.test.tsx": {
    "path": "F:/RSS_React/react-ssr/rs-react/react-components/src/tests/card.test.tsx",
    "statementMap": {},
    "fnMap": {},
    "branchMap": {},
    "s": {},
    "f": {},
    "b": {}
  },
  "F:/RSS_React/react-ssr/rs-react/react-components/src/tests/cardList.test.tsx": {
    "path": "F:/RSS_React/react-ssr/rs-react/react-components/src/tests/cardList.test.tsx",
    "statementMap": {},
    "fnMap": {},
    "branchMap": {},
    "s": {},
    "f": {},
    "b": {}
  },
  "F:/RSS_React/react-ssr/rs-react/react-components/src/tests/form.test.tsx": {
    "path": "F:/RSS_React/react-ssr/rs-react/react-components/src/tests/form.test.tsx",
    "statementMap": {},
    "fnMap": {},
    "branchMap": {},
    "s": {},
    "f": {},
    "b": {}
  },
  "F:/RSS_React/react-ssr/rs-react/react-components/src/tests/formCard.test.tsx": {
    "path": "F:/RSS_React/react-ssr/rs-react/react-components/src/tests/formCard.test.tsx",
    "statementMap": {},
    "fnMap": {},
    "branchMap": {},
    "s": {},
    "f": {},
    "b": {}
  },
  "F:/RSS_React/react-ssr/rs-react/react-components/src/tests/formModal.test.tsx": {
    "path": "F:/RSS_React/react-ssr/rs-react/react-components/src/tests/formModal.test.tsx",
    "statementMap": {},
    "fnMap": {},
    "branchMap": {},
    "s": {},
    "f": {},
    "b": {}
  },
  "F:/RSS_React/react-ssr/rs-react/react-components/src/tests/main.test.tsx": {
    "path": "F:/RSS_React/react-ssr/rs-react/react-components/src/tests/main.test.tsx",
    "statementMap": {},
    "fnMap": {},
    "branchMap": {},
    "s": {},
    "f": {},
    "b": {}
  },
  "F:/RSS_React/react-ssr/rs-react/react-components/src/types/types.tsx": {
    "path": "F:/RSS_React/react-ssr/rs-react/react-components/src/types/types.tsx",
    "statementMap": {},
    "fnMap": {},
    "branchMap": {},
    "s": {},
    "f": {},
    "b": {}
  }
}
