{"F:\\RSS React\\react-components\\rs-react\\react-components\\vite.config.ts": {"path":"F:\\RSS React\\react-components\\rs-react\\react-components\\vite.config.ts","statementMap":{},"fnMap":{},"branchMap":{},"s":{},"f":{},"b":{}}
,"F:\\RSS React\\react-components\\rs-react\\react-components\\src\\app.tsx": {"path":"F:\\RSS React\\react-components\\rs-react\\react-components\\src\\app.tsx","statementMap":{"0":{"start":{"line":8,"column":2},"end":{"line":19,"column":4}},"1":{"start":{"line":23,"column":2},"end":{"line":27,"column":4}}},"fnMap":{"0":{"name":"App","decl":{"start":{"line":7,"column":9},"end":{"line":7,"column":12}},"loc":{"start":{"line":7,"column":15},"end":{"line":20,"column":1}},"line":7},"1":{"name":"Layout","decl":{"start":{"line":22,"column":9},"end":{"line":22,"column":15}},"loc":{"start":{"line":22,"column":18},"end":{"line":28,"column":1}},"line":22}},"branchMap":{},"s":{"0":1,"1":1},"f":{"0":1,"1":1},"b":{},"_coverageSchema":"1a1c01bbd47fc00a2c39e90264f33305004495a9","hash":"9bb75d472ca19cc063833a82b9d4e32f4f982959"}
,"F:\\RSS React\\react-components\\rs-react\\react-components\\src\\main.tsx": {"path":"F:\\RSS React\\react-components\\rs-react\\react-components\\src\\main.tsx","statementMap":{"0":{"start":{"line":6,"column":0},"end":{"line":10,"column":2}}},"fnMap":{},"branchMap":{},"s":{"0":0},"f":{},"b":{}}
,"F:\\RSS React\\react-components\\rs-react\\react-components\\src\\vite-env.d.ts": {"path":"F:\\RSS React\\react-components\\rs-react\\react-components\\src\\vite-env.d.ts","statementMap":{},"fnMap":{},"branchMap":{},"s":{},"f":{},"b":{}}
,"F:\\RSS React\\react-components\\rs-react\\react-components\\src\\components\\404.tsx": {"path":"F:\\RSS React\\react-components\\rs-react\\react-components\\src\\components\\404.tsx","statementMap":{"0":{"start":{"line":5,"column":2},"end":{"line":13,"column":4}}},"fnMap":{"0":{"name":"ErrorPage","decl":{"start":{"line":4,"column":9},"end":{"line":4,"column":18}},"loc":{"start":{"line":4,"column":21},"end":{"line":14,"column":1}},"line":4}},"branchMap":{},"s":{"0":1},"f":{"0":1},"b":{},"_coverageSchema":"1a1c01bbd47fc00a2c39e90264f33305004495a9","hash":"0bd1b50d87ee1ad70783da061dfea366de446949"}
,"F:\\RSS React\\react-components\\rs-react\\react-components\\src\\components\\about.tsx": {"path":"F:\\RSS React\\react-components\\rs-react\\react-components\\src\\components\\about.tsx","statementMap":{"0":{"start":{"line":5,"column":2},"end":{"line":19,"column":4}}},"fnMap":{"0":{"name":"AboutPage","decl":{"start":{"line":4,"column":9},"end":{"line":4,"column":18}},"loc":{"start":{"line":4,"column":21},"end":{"line":20,"column":1}},"line":4}},"branchMap":{},"s":{"0":0},"f":{"0":0},"b":{},"_coverageSchema":"1a1c01bbd47fc00a2c39e90264f33305004495a9","hash":"cb49ccf96189f4b7c8964627e78405d3a3d8efdf"}
,"F:\\RSS React\\react-components\\rs-react\\react-components\\src\\components\\card.tsx": {"path":"F:\\RSS React\\react-components\\rs-react\\react-components\\src\\components\\card.tsx","statementMap":{"0":{"start":{"line":11,"column":4},"end":{"line":11,"column":17}},"1":{"start":{"line":15,"column":4},"end":{"line":25,"column":6}}},"fnMap":{"0":{"name":"(anonymous_0)","decl":{"start":{"line":10,"column":2},"end":{"line":10,"column":3}},"loc":{"start":{"line":10,"column":32},"end":{"line":12,"column":3}},"line":10},"1":{"name":"(anonymous_1)","decl":{"start":{"line":14,"column":2},"end":{"line":14,"column":3}},"loc":{"start":{"line":14,"column":11},"end":{"line":26,"column":3}},"line":14}},"branchMap":{},"s":{"0":9,"1":9},"f":{"0":9,"1":9},"b":{},"_coverageSchema":"1a1c01bbd47fc00a2c39e90264f33305004495a9","hash":"b0936c7e7ae8a99d3482b4ca6953e55f0afd721d"}
,"F:\\RSS React\\react-components\\rs-react\\react-components\\src\\components\\cardList.tsx": {"path":"F:\\RSS React\\react-components\\rs-react\\react-components\\src\\components\\cardList.tsx","statementMap":{"0":{"start":{"line":7,"column":4},"end":{"line":13,"column":6}},"1":{"start":{"line":10,"column":10},"end":{"line":10,"column":50}}},"fnMap":{"0":{"name":"(anonymous_0)","decl":{"start":{"line":6,"column":2},"end":{"line":6,"column":3}},"loc":{"start":{"line":6,"column":11},"end":{"line":14,"column":3}},"line":6},"1":{"name":"(anonymous_1)","decl":{"start":{"line":9,"column":28},"end":{"line":9,"column":29}},"loc":{"start":{"line":9,"column":38},"end":{"line":11,"column":9}},"line":9}},"branchMap":{},"s":{"0":1,"1":8},"f":{"0":1,"1":8},"b":{},"_coverageSchema":"1a1c01bbd47fc00a2c39e90264f33305004495a9","hash":"490c6245422b10d3168a43d45d70a505bebebab0"}
,"F:\\RSS React\\react-components\\rs-react\\react-components\\src\\components\\header.tsx": {"path":"F:\\RSS React\\react-components\\rs-react\\react-components\\src\\components\\header.tsx","statementMap":{"0":{"start":{"line":10,"column":4},"end":{"line":10,"column":17}},"1":{"start":{"line":14,"column":4},"end":{"line":31,"column":6}}},"fnMap":{"0":{"name":"(anonymous_0)","decl":{"start":{"line":9,"column":2},"end":{"line":9,"column":3}},"loc":{"start":{"line":9,"column":34},"end":{"line":11,"column":3}},"line":9},"1":{"name":"(anonymous_1)","decl":{"start":{"line":13,"column":2},"end":{"line":13,"column":3}},"loc":{"start":{"line":13,"column":11},"end":{"line":32,"column":3}},"line":13}},"branchMap":{},"s":{"0":1,"1":1},"f":{"0":1,"1":1},"b":{},"_coverageSchema":"1a1c01bbd47fc00a2c39e90264f33305004495a9","hash":"3f5d567471ec78a298864048e25cc53ba0e8ca12"}
,"F:\\RSS React\\react-components\\rs-react\\react-components\\src\\components\\main.tsx": {"path":"F:\\RSS React\\react-components\\rs-react\\react-components\\src\\components\\main.tsx","statementMap":{"0":{"start":{"line":7,"column":2},"end":{"line":16,"column":4}}},"fnMap":{"0":{"name":"MainPage","decl":{"start":{"line":6,"column":9},"end":{"line":6,"column":17}},"loc":{"start":{"line":6,"column":20},"end":{"line":17,"column":1}},"line":6}},"branchMap":{},"s":{"0":0},"f":{"0":0},"b":{},"_coverageSchema":"1a1c01bbd47fc00a2c39e90264f33305004495a9","hash":"f9292ffc45440e0ba1244fae75393b553eb39105"}
,"F:\\RSS React\\react-components\\rs-react\\react-components\\src\\components\\searchbar.tsx": {"path":"F:\\RSS React\\react-components\\rs-react\\react-components\\src\\components\\searchbar.tsx","statementMap":{"0":{"start":{"line":9,"column":4},"end":{"line":9,"column":17}},"1":{"start":{"line":10,"column":4},"end":{"line":10,"column":36}},"2":{"start":{"line":11,"column":4},"end":{"line":11,"column":47}},"3":{"start":{"line":14,"column":56},"end":{"line":17,"column":3}},"4":{"start":{"line":15,"column":4},"end":{"line":15,"column":61}},"5":{"start":{"line":16,"column":4},"end":{"line":16,"column":77}},"6":{"start":{"line":20,"column":27},"end":{"line":20,"column":56}},"7":{"start":{"line":21,"column":4},"end":{"line":23,"column":5}},"8":{"start":{"line":22,"column":6},"end":{"line":22,"column":64}},"9":{"start":{"line":27,"column":4},"end":{"line":27,"column":73}},"10":{"start":{"line":31,"column":4},"end":{"line":50,"column":6}},"11":{"start":{"line":36,"column":12},"end":{"line":36,"column":46}},"12":{"start":{"line":37,"column":12},"end":{"line":37,"column":46}}},"fnMap":{"0":{"name":"(anonymous_0)","decl":{"start":{"line":8,"column":2},"end":{"line":8,"column":3}},"loc":{"start":{"line":8,"column":37},"end":{"line":12,"column":3}},"line":8},"1":{"name":"(anonymous_1)","decl":{"start":{"line":14,"column":56},"end":{"line":14,"column":57}},"loc":{"start":{"line":14,"column":67},"end":{"line":17,"column":3}},"line":14},"2":{"name":"(anonymous_2)","decl":{"start":{"line":19,"column":2},"end":{"line":19,"column":3}},"loc":{"start":{"line":19,"column":22},"end":{"line":24,"column":3}},"line":19},"3":{"name":"(anonymous_3)","decl":{"start":{"line":26,"column":2},"end":{"line":26,"column":3}},"loc":{"start":{"line":26,"column":25},"end":{"line":28,"column":3}},"line":26},"4":{"name":"(anonymous_4)","decl":{"start":{"line":30,"column":2},"end":{"line":30,"column":3}},"loc":{"start":{"line":30,"column":11},"end":{"line":51,"column":3}},"line":30},"5":{"name":"(anonymous_5)","decl":{"start":{"line":35,"column":20},"end":{"line":35,"column":21}},"loc":{"start":{"line":35,"column":26},"end":{"line":38,"column":11}},"line":35}},"branchMap":{"0":{"loc":{"start":{"line":21,"column":4},"end":{"line":23,"column":5}},"type":"if","locations":[{"start":{"line":21,"column":4},"end":{"line":23,"column":5}},{"start":{},"end":{}}],"line":21}},"s":{"0":0,"1":0,"2":0,"3":0,"4":0,"5":0,"6":0,"7":0,"8":0,"9":0,"10":0,"11":0,"12":0},"f":{"0":0,"1":0,"2":0,"3":0,"4":0,"5":0},"b":{"0":[0,0]},"_coverageSchema":"1a1c01bbd47fc00a2c39e90264f33305004495a9","hash":"a9c650b37721c3fdf923fc8853a1fa99be087500"}
,"F:\\RSS React\\react-components\\rs-react\\react-components\\src\\helpers\\generateCardData.ts": {"path":"F:\\RSS React\\react-components\\rs-react\\react-components\\src\\helpers\\generateCardData.ts","statementMap":{"0":{"start":{"line":1,"column":28},"end":{"line":13,"column":1}},"1":{"start":{"line":15,"column":34},"end":{"line":26,"column":1}},"2":{"start":{"line":28,"column":29},"end":{"line":40,"column":1}},"3":{"start":{"line":43,"column":16},"end":{"line":43,"column":71}},"4":{"start":{"line":44,"column":17},"end":{"line":44,"column":74}},"5":{"start":{"line":45,"column":22},"end":{"line":45,"column":89}},"6":{"start":{"line":46,"column":2},"end":{"line":46,"column":40}}},"fnMap":{"0":{"name":"getRandomCardInfo","decl":{"start":{"line":42,"column":16},"end":{"line":42,"column":33}},"loc":{"start":{"line":42,"column":36},"end":{"line":47,"column":1}},"line":42}},"branchMap":{},"s":{"0":3,"1":3,"2":3,"3":9,"4":9,"5":9,"6":9},"f":{"0":9},"b":{},"_coverageSchema":"1a1c01bbd47fc00a2c39e90264f33305004495a9","hash":"f151ac41a468f0ecbe5a3120d08c0f12a4ccee5f"}
,"F:\\RSS React\\react-components\\rs-react\\react-components\\src\\helpers\\getCardsInfo.ts": {"path":"F:\\RSS React\\react-components\\rs-react\\react-components\\src\\helpers\\getCardsInfo.ts","statementMap":{"0":{"start":{"line":4,"column":16},"end":{"line":4,"column":18}},"1":{"start":{"line":5,"column":2},"end":{"line":13,"column":3}},"2":{"start":{"line":5,"column":15},"end":{"line":5,"column":16}},"3":{"start":{"line":6,"column":21},"end":{"line":6,"column":40}},"4":{"start":{"line":7,"column":4},"end":{"line":12,"column":7}},"5":{"start":{"line":14,"column":2},"end":{"line":14,"column":15}}},"fnMap":{"0":{"name":"getCardsInfo","decl":{"start":{"line":3,"column":16},"end":{"line":3,"column":28}},"loc":{"start":{"line":3,"column":48},"end":{"line":15,"column":1}},"line":3}},"branchMap":{"0":{"loc":{"start":{"line":3,"column":29},"end":{"line":3,"column":46}},"type":"default-arg","locations":[{"start":{"line":3,"column":45},"end":{"line":3,"column":46}}],"line":3}},"s":{"0":1,"1":1,"2":1,"3":8,"4":8,"5":1},"f":{"0":1},"b":{"0":[1]},"_coverageSchema":"1a1c01bbd47fc00a2c39e90264f33305004495a9","hash":"1b1f637b1d49a7aa222fb711ede67c978ee7b6ca"}
}
