{"F:\\RSS React\\react-components\\rs-react\\react-components\\vite.config.ts": {"path":"F:\\RSS React\\react-components\\rs-react\\react-components\\vite.config.ts","statementMap":{"0":{"start":{"line":1,"column":0},"end":{"line":1,"column":36}},"1":{"start":{"line":2,"column":0},"end":{"line":2,"column":41}},"2":{"start":{"line":4,"column":0},"end":{"line":6,"column":3}}},"fnMap":{},"branchMap":{},"s":{"0":0,"1":0,"2":0},"f":{},"b":{}}
,"F:\\RSS React\\react-components\\rs-react\\react-components\\src\\app.tsx": {"path":"F:\\RSS React\\react-components\\rs-react\\react-components\\src\\app.tsx","statementMap":{"0":{"start":{"line":1,"column":0},"end":{"line":1,"column":57}},"1":{"start":{"line":3,"column":0},"end":{"line":3,"column":41}},"2":{"start":{"line":4,"column":0},"end":{"line":4,"column":43}},"3":{"start":{"line":5,"column":0},"end":{"line":5,"column":41}},"4":{"start":{"line":8,"column":2},"end":{"line":19,"column":4}},"5":{"start":{"line":23,"column":2},"end":{"line":27,"column":4}},"6":{"start":{"line":30,"column":0},"end":{"line":30,"column":19}}},"fnMap":{"0":{"name":"App","decl":{"start":{"line":7,"column":9},"end":{"line":7,"column":12}},"loc":{"start":{"line":7,"column":12},"end":{"line":20,"column":1}}},"1":{"name":"Layout","decl":{"start":{"line":22,"column":9},"end":{"line":22,"column":15}},"loc":{"start":{"line":22,"column":15},"end":{"line":28,"column":1}}}},"branchMap":{},"s":{"0":1,"1":1,"2":1,"3":1,"4":1,"5":1,"6":1},"f":{"0":1,"1":1},"b":{}}
,"F:\\RSS React\\react-components\\rs-react\\react-components\\src\\main.tsx": {"path":"F:\\RSS React\\react-components\\rs-react\\react-components\\src\\main.tsx","statementMap":{"0":{"start":{"line":1,"column":0},"end":{"line":1,"column":40}},"1":{"start":{"line":2,"column":0},"end":{"line":2,"column":24}},"2":{"start":{"line":3,"column":0},"end":{"line":3,"column":21}},"3":{"start":{"line":4,"column":0},"end":{"line":4,"column":49}},"4":{"start":{"line":6,"column":0},"end":{"line":10,"column":2}}},"fnMap":{},"branchMap":{},"s":{"0":0,"1":0,"2":0,"3":0,"4":0},"f":{},"b":{}}
,"F:\\RSS React\\react-components\\rs-react\\react-components\\src\\vite-env.d.ts": {"path":"F:\\RSS React\\react-components\\rs-react\\react-components\\src\\vite-env.d.ts","statementMap":{},"fnMap":{},"branchMap":{},"s":{},"f":{},"b":{}}
,"F:\\RSS React\\react-components\\rs-react\\react-components\\src\\components\\404.tsx": {"path":"F:\\RSS React\\react-components\\rs-react\\react-components\\src\\components\\404.tsx","statementMap":{"0":{"start":{"line":2,"column":0},"end":{"line":2,"column":30}},"1":{"start":{"line":5,"column":2},"end":{"line":13,"column":4}},"2":{"start":{"line":16,"column":0},"end":{"line":16,"column":25}}},"fnMap":{"0":{"name":"ErrorPage","decl":{"start":{"line":4,"column":9},"end":{"line":4,"column":18}},"loc":{"start":{"line":4,"column":18},"end":{"line":14,"column":1}}}},"branchMap":{},"s":{"0":1,"1":1,"2":1},"f":{"0":1},"b":{}}
,"F:\\RSS React\\react-components\\rs-react\\react-components\\src\\components\\about.tsx": {"path":"F:\\RSS React\\react-components\\rs-react\\react-components\\src\\components\\about.tsx","statementMap":{"0":{"start":{"line":2,"column":0},"end":{"line":2,"column":30}},"1":{"start":{"line":5,"column":2},"end":{"line":19,"column":4}},"2":{"start":{"line":22,"column":0},"end":{"line":22,"column":25}}},"fnMap":{"0":{"name":"AboutPage","decl":{"start":{"line":4,"column":9},"end":{"line":4,"column":18}},"loc":{"start":{"line":4,"column":18},"end":{"line":20,"column":1}}}},"branchMap":{},"s":{"0":1,"1":0,"2":1},"f":{"0":0},"b":{}}
,"F:\\RSS React\\react-components\\rs-react\\react-components\\src\\components\\card.tsx": {"path":"F:\\RSS React\\react-components\\rs-react\\react-components\\src\\components\\card.tsx","statementMap":{"0":{"start":{"line":1,"column":0},"end":{"line":1,"column":26}},"1":{"start":{"line":11,"column":4},"end":{"line":11,"column":17}},"2":{"start":{"line":15,"column":4},"end":{"line":25,"column":6}},"3":{"start":{"line":29,"column":0},"end":{"line":29,"column":20}}},"fnMap":{"0":{"name":"(anonymous_1)","decl":{"start":{"line":10,"column":2},"end":{"line":10,"column":14}},"loc":{"start":{"line":10,"column":30},"end":{"line":12,"column":3}}},"1":{"name":"(anonymous_2)","decl":{"start":{"line":14,"column":2},"end":{"line":14,"column":8}},"loc":{"start":{"line":14,"column":8},"end":{"line":26,"column":3}}}},"branchMap":{},"s":{"0":3,"1":9,"2":9,"3":3},"f":{"0":9,"1":9},"b":{}}
,"F:\\RSS React\\react-components\\rs-react\\react-components\\src\\components\\cardList.tsx": {"path":"F:\\RSS React\\react-components\\rs-react\\react-components\\src\\components\\cardList.tsx","statementMap":{"0":{"start":{"line":1,"column":0},"end":{"line":1,"column":26}},"1":{"start":{"line":2,"column":0},"end":{"line":2,"column":26}},"2":{"start":{"line":3,"column":0},"end":{"line":3,"column":55}},"3":{"start":{"line":7,"column":4},"end":{"line":13,"column":6}},"4":{"start":{"line":10,"column":10},"end":{"line":10,"column":50}},"5":{"start":{"line":17,"column":0},"end":{"line":17,"column":24}}},"fnMap":{"0":{"name":"(anonymous_1)","decl":{"start":{"line":6,"column":2},"end":{"line":6,"column":8}},"loc":{"start":{"line":6,"column":8},"end":{"line":14,"column":3}}},"1":{"name":"(anonymous_2)","decl":{"start":{"line":9,"column":28},"end":{"line":9,"column":29}},"loc":{"start":{"line":9,"column":37},"end":{"line":11,"column":9}}}},"branchMap":{},"s":{"0":2,"1":2,"2":2,"3":1,"4":8,"5":2},"f":{"0":1,"1":8},"b":{}}
,"F:\\RSS React\\react-components\\rs-react\\react-components\\src\\components\\header.tsx": {"path":"F:\\RSS React\\react-components\\rs-react\\react-components\\src\\components\\header.tsx","statementMap":{"0":{"start":{"line":1,"column":0},"end":{"line":1,"column":26}},"1":{"start":{"line":2,"column":0},"end":{"line":2,"column":43}},"2":{"start":{"line":10,"column":4},"end":{"line":10,"column":17}},"3":{"start":{"line":14,"column":4},"end":{"line":31,"column":6}},"4":{"start":{"line":35,"column":0},"end":{"line":35,"column":22}}},"fnMap":{"0":{"name":"(anonymous_1)","decl":{"start":{"line":9,"column":2},"end":{"line":9,"column":14}},"loc":{"start":{"line":9,"column":32},"end":{"line":11,"column":3}}},"1":{"name":"(anonymous_2)","decl":{"start":{"line":13,"column":2},"end":{"line":13,"column":8}},"loc":{"start":{"line":13,"column":8},"end":{"line":32,"column":3}}}},"branchMap":{},"s":{"0":1,"1":1,"2":1,"3":1,"4":1},"f":{"0":1,"1":1},"b":{}}
,"F:\\RSS React\\react-components\\rs-react\\react-components\\src\\components\\main.tsx": {"path":"F:\\RSS React\\react-components\\rs-react\\react-components\\src\\components\\main.tsx","statementMap":{"0":{"start":{"line":2,"column":0},"end":{"line":2,"column":34}},"1":{"start":{"line":3,"column":0},"end":{"line":3,"column":36}},"2":{"start":{"line":4,"column":0},"end":{"line":4,"column":30}},"3":{"start":{"line":7,"column":2},"end":{"line":16,"column":4}},"4":{"start":{"line":19,"column":0},"end":{"line":19,"column":24}}},"fnMap":{"0":{"name":"MainPage","decl":{"start":{"line":6,"column":9},"end":{"line":6,"column":17}},"loc":{"start":{"line":6,"column":17},"end":{"line":17,"column":1}}}},"branchMap":{},"s":{"0":1,"1":1,"2":1,"3":0,"4":1},"f":{"0":0},"b":{}}
,"F:\\RSS React\\react-components\\rs-react\\react-components\\src\\components\\searchbar.tsx": {"path":"F:\\RSS React\\react-components\\rs-react\\react-components\\src\\components\\searchbar.tsx","statementMap":{"0":{"start":{"line":1,"column":0},"end":{"line":1,"column":26}},"1":{"start":{"line":9,"column":4},"end":{"line":9,"column":17}},"2":{"start":{"line":10,"column":4},"end":{"line":10,"column":36}},"3":{"start":{"line":11,"column":4},"end":{"line":11,"column":47}},"4":{"start":{"line":14,"column":56},"end":{"line":17,"column":3}},"5":{"start":{"line":15,"column":4},"end":{"line":15,"column":61}},"6":{"start":{"line":16,"column":4},"end":{"line":16,"column":77}},"7":{"start":{"line":20,"column":27},"end":{"line":20,"column":56}},"8":{"start":{"line":21,"column":4},"end":{"line":23,"column":null}},"9":{"start":{"line":22,"column":6},"end":{"line":22,"column":64}},"10":{"start":{"line":27,"column":4},"end":{"line":27,"column":73}},"11":{"start":{"line":31,"column":4},"end":{"line":50,"column":6}},"12":{"start":{"line":36,"column":12},"end":{"line":36,"column":46}},"13":{"start":{"line":37,"column":12},"end":{"line":37,"column":46}},"14":{"start":{"line":54,"column":0},"end":{"line":54,"column":25}}},"fnMap":{"0":{"name":"(anonymous_1)","decl":{"start":{"line":8,"column":2},"end":{"line":8,"column":14}},"loc":{"start":{"line":8,"column":35},"end":{"line":12,"column":3}}},"1":{"name":"(anonymous_2)","decl":{"start":{"line":14,"column":56},"end":{"line":14,"column":57}},"loc":{"start":{"line":14,"column":66},"end":{"line":17,"column":3}}},"2":{"name":"(anonymous_3)","decl":{"start":{"line":19,"column":2},"end":{"line":19,"column":19}},"loc":{"start":{"line":19,"column":19},"end":{"line":24,"column":3}}},"3":{"name":"(anonymous_4)","decl":{"start":{"line":26,"column":2},"end":{"line":26,"column":22}},"loc":{"start":{"line":26,"column":22},"end":{"line":28,"column":3}}},"4":{"name":"(anonymous_5)","decl":{"start":{"line":30,"column":2},"end":{"line":30,"column":8}},"loc":{"start":{"line":30,"column":8},"end":{"line":51,"column":3}}},"5":{"name":"(anonymous_6)","decl":{"start":{"line":35,"column":20},"end":{"line":35,"column":23}},"loc":{"start":{"line":35,"column":25},"end":{"line":38,"column":11}}}},"branchMap":{"0":{"loc":{"start":{"line":21,"column":4},"end":{"line":23,"column":null}},"type":"if","locations":[{"start":{"line":21,"column":4},"end":{"line":23,"column":null}}]}},"s":{"0":1,"1":0,"2":0,"3":0,"4":0,"5":0,"6":0,"7":0,"8":0,"9":0,"10":0,"11":0,"12":0,"13":0,"14":1},"f":{"0":0,"1":0,"2":0,"3":0,"4":0,"5":0},"b":{"0":[0]}}
,"F:\\RSS React\\react-components\\rs-react\\react-components\\src\\helpers\\generateCardData.ts": {"path":"F:\\RSS React\\react-components\\rs-react\\react-components\\src\\helpers\\generateCardData.ts","statementMap":{"0":{"start":{"line":1,"column":28},"end":{"line":13,"column":2}},"1":{"start":{"line":15,"column":34},"end":{"line":26,"column":2}},"2":{"start":{"line":28,"column":29},"end":{"line":40,"column":2}},"3":{"start":{"line":43,"column":16},"end":{"line":43,"column":71}},"4":{"start":{"line":44,"column":17},"end":{"line":44,"column":74}},"5":{"start":{"line":45,"column":22},"end":{"line":45,"column":89}},"6":{"start":{"line":46,"column":2},"end":{"line":46,"column":40}},"7":{"start":{"line":42,"column":0},"end":{"line":42,"column":16}}},"fnMap":{"0":{"name":"getRandomCardInfo","decl":{"start":{"line":42,"column":16},"end":{"line":42,"column":33}},"loc":{"start":{"line":42,"column":33},"end":{"line":47,"column":1}}}},"branchMap":{},"s":{"0":3,"1":3,"2":3,"3":9,"4":9,"5":9,"6":9,"7":3},"f":{"0":9},"b":{}}
,"F:\\RSS React\\react-components\\rs-react\\react-components\\src\\helpers\\getCardsInfo.ts": {"path":"F:\\RSS React\\react-components\\rs-react\\react-components\\src\\helpers\\getCardsInfo.ts","statementMap":{"0":{"start":{"line":1,"column":0},"end":{"line":1,"column":55}},"1":{"start":{"line":4,"column":16},"end":{"line":4,"column":18}},"2":{"start":{"line":5,"column":2},"end":{"line":13,"column":null}},"3":{"start":{"line":5,"column":15},"end":{"line":5,"column":16}},"4":{"start":{"line":6,"column":21},"end":{"line":6,"column":40}},"5":{"start":{"line":7,"column":4},"end":{"line":12,"column":7}},"6":{"start":{"line":14,"column":2},"end":{"line":14,"column":15}},"7":{"start":{"line":3,"column":0},"end":{"line":3,"column":16}}},"fnMap":{"0":{"name":"getCardsInfo","decl":{"start":{"line":3,"column":16},"end":{"line":3,"column":28}},"loc":{"start":{"line":3,"column":46},"end":{"line":15,"column":1}}}},"branchMap":{"0":{"loc":{"start":{"line":3,"column":29},"end":{"line":3,"column":46}},"type":"default-arg","locations":[{"start":{"line":3,"column":45},"end":{"line":3,"column":46}}]}},"s":{"0":2,"1":1,"2":1,"3":1,"4":8,"5":8,"6":1,"7":2},"f":{"0":1},"b":{"0":[1]}}
}
