TN:
SF:vite.config.ts
FNF:0
FNH:0
LF:0
LH:0
BRF:0
BRH:0
end_of_record
TN:
SF:src\app.tsx
FN:8,App
FN:21,Layout
FNF:2
FNH:2
FNDA:1,App
FNDA:1,Layout
DA:9,1
DA:22,1
LF:2
LH:2
BRF:0
BRH:0
end_of_record
TN:
SF:src\main.tsx
FNF:0
FNH:0
DA:7,0
LF:1
LH:0
BRF:0
BRH:0
end_of_record
TN:
SF:src\vite-env.d.ts
FNF:0
FNH:0
LF:0
LH:0
BRF:0
BRH:0
end_of_record
TN:
SF:src\components\404.tsx
FN:3,ErrorPage
FNF:1
FNH:1
FNDA:2,ErrorPage
DA:4,2
LF:1
LH:1
BRF:0
BRH:0
end_of_record
TN:
SF:src\components\about.tsx
FN:3,AboutPage
FNF:1
FNH:1
FNDA:1,AboutPage
DA:4,1
LF:1
LH:1
BRF:0
BRH:0
end_of_record
TN:
SF:src\components\card.tsx
FN:5,(anonymous_0)
FN:9,(anonymous_1)
FNF:2
FNH:2
FNDA:17,(anonymous_0)
FNDA:17,(anonymous_1)
DA:6,17
DA:10,17
LF:2
LH:2
BRF:0
BRH:0
end_of_record
TN:
SF:src\components\cardList.tsx
FN:8,(anonymous_0)
FN:19,(anonymous_1)
FNF:2
FNH:2
FNDA:2,(anonymous_0)
FNDA:2,(anonymous_1)
DA:5,3
DA:9,2
DA:10,2
DA:11,16
DA:12,16
DA:16,2
DA:20,2
LF:7
LH:7
BRF:0
BRH:0
end_of_record
TN:
SF:src\components\header.tsx
FN:5,(anonymous_0)
FNF:1
FNH:1
FNDA:1,(anonymous_0)
DA:6,1
LF:1
LH:1
BRF:0
BRH:0
end_of_record
TN:
SF:src\components\main.tsx
FN:5,MainPage
FNF:1
FNH:1
FNDA:1,MainPage
DA:6,1
LF:1
LH:1
BRF:0
BRH:0
end_of_record
TN:
SF:src\components\searchbar.tsx
FN:4,(anonymous_0)
FN:10,(anonymous_1)
FN:15,(anonymous_2)
FN:22,(anonymous_3)
FN:26,(anonymous_4)
FN:31,(anonymous_5)
FNF:6
FNH:4
FNDA:1,(anonymous_0)
FNDA:0,(anonymous_1)
FNDA:1,(anonymous_2)
FNDA:1,(anonymous_3)
FNDA:1,(anonymous_4)
FNDA:0,(anonymous_5)
DA:5,1
DA:6,1
DA:7,1
DA:10,1
DA:11,0
DA:12,0
DA:16,1
DA:17,1
DA:18,0
DA:23,1
DA:27,1
DA:32,0
DA:33,0
LF:13
LH:8
BRDA:17,0,0,0
BRDA:17,0,1,1
BRF:2
BRH:1
end_of_record
TN:
SF:src\helpers\generateCardData.ts
FN:48,getRandomCardInfo
FNF:1
FNH:1
FNDA:17,getRandomCardInfo
DA:7,4
DA:21,4
DA:34,4
DA:49,17
DA:50,17
DA:51,17
DA:52,17
LF:7
LH:7
BRF:0
BRH:0
end_of_record
