TN:
SF:vite.config.ts
FNF:0
FNH:0
DA:1,0
DA:2,0
DA:4,0
LF:3
LH:0
BRF:0
BRH:0
end_of_record
TN:
SF:src\app.tsx
FN:7,App
FN:22,Layout
FNF:2
FNH:2
FNDA:1,App
FNDA:1,Layout
DA:1,1
DA:3,1
DA:4,1
DA:5,1
DA:8,1
DA:23,1
DA:30,1
LF:7
LH:7
BRF:0
BRH:0
end_of_record
TN:
SF:src\main.tsx
FNF:0
FNH:0
DA:1,0
DA:2,0
DA:3,0
DA:4,0
DA:6,0
LF:5
LH:0
BRF:0
BRH:0
end_of_record
TN:
SF:src\vite-env.d.ts
FNF:0
FNH:0
LF:0
LH:0
BRF:0
BRH:0
end_of_record
TN:
SF:src\components\404.tsx
FN:4,ErrorPage
FNF:1
FNH:1
FNDA:1,ErrorPage
DA:2,1
DA:5,1
DA:16,1
LF:3
LH:3
BRF:0
BRH:0
end_of_record
TN:
SF:src\components\about.tsx
FN:4,AboutPage
FNF:1
FNH:0
FNDA:0,AboutPage
DA:2,1
DA:5,0
DA:22,1
LF:3
LH:2
BRF:0
BRH:0
end_of_record
TN:
SF:src\components\card.tsx
FN:10,(anonymous_1)
FN:14,(anonymous_2)
FNF:2
FNH:2
FNDA:9,(anonymous_1)
FNDA:9,(anonymous_2)
DA:1,3
DA:11,9
DA:15,9
DA:29,3
LF:4
LH:4
BRF:0
BRH:0
end_of_record
TN:
SF:src\components\cardList.tsx
FN:6,(anonymous_1)
FN:9,(anonymous_2)
FNF:2
FNH:2
FNDA:1,(anonymous_1)
FNDA:8,(anonymous_2)
DA:1,2
DA:2,2
DA:3,2
DA:7,1
DA:10,8
DA:17,2
LF:6
LH:6
BRF:0
BRH:0
end_of_record
TN:
SF:src\components\header.tsx
FN:9,(anonymous_1)
FN:13,(anonymous_2)
FNF:2
FNH:2
FNDA:1,(anonymous_1)
FNDA:1,(anonymous_2)
DA:1,1
DA:2,1
DA:10,1
DA:14,1
DA:35,1
LF:5
LH:5
BRF:0
BRH:0
end_of_record
TN:
SF:src\components\main.tsx
FN:6,MainPage
FNF:1
FNH:0
FNDA:0,MainPage
DA:2,1
DA:3,1
DA:4,1
DA:7,0
DA:19,1
LF:5
LH:4
BRF:0
BRH:0
end_of_record
TN:
SF:src\components\searchbar.tsx
FN:8,(anonymous_1)
FN:14,(anonymous_2)
FN:19,(anonymous_3)
FN:26,(anonymous_4)
FN:30,(anonymous_5)
FN:35,(anonymous_6)
FNF:6
FNH:0
FNDA:0,(anonymous_1)
FNDA:0,(anonymous_2)
FNDA:0,(anonymous_3)
FNDA:0,(anonymous_4)
FNDA:0,(anonymous_5)
FNDA:0,(anonymous_6)
DA:1,1
DA:9,0
DA:10,0
DA:11,0
DA:14,0
DA:15,0
DA:16,0
DA:20,0
DA:21,0
DA:22,0
DA:27,0
DA:31,0
DA:36,0
DA:37,0
DA:54,1
LF:15
LH:2
BRDA:21,0,0,0
BRF:1
BRH:0
end_of_record
TN:
SF:src\helpers\generateCardData.ts
FN:42,getRandomCardInfo
FNF:1
FNH:1
FNDA:9,getRandomCardInfo
DA:1,3
DA:15,3
DA:28,3
DA:42,3
DA:43,9
DA:44,9
DA:45,9
DA:46,9
LF:8
LH:8
BRF:0
BRH:0
end_of_record
TN:
SF:src\helpers\getCardsInfo.ts
FN:3,getCardsInfo
FNF:1
FNH:1
FNDA:1,getCardsInfo
DA:1,2
DA:3,2
DA:4,1
DA:5,1
DA:6,8
DA:7,8
DA:14,1
LF:7
LH:7
BRDA:3,0,0,1
BRF:1
BRH:1
end_of_record
